2023-09-22 00:21:36,683 - [INFO] - from org.hibernate.validator.internal.util.Version in background-preinit 
HV000001: Hibernate Validator 8.0.1.Final

2023-09-22 00:21:36,741 - [INFO] - from edu.carroll.ifa.IfaApplication in restartedMain 
Starting IfaApplication using Java 18.0.2.1 with PID 61240 (/Users/ryan_ovalley/Documents/software_eng2/Projects/ifa/build/classes/java/main started by ryan_ovalley in /Users/ryan_ovalley/Documents/software_eng2/Projects/ifa)

2023-09-22 00:21:36,742 - [INFO] - from edu.carroll.ifa.IfaApplication in restartedMain 
No active profile set, falling back to 1 default profile: "default"

2023-09-22 00:21:36,783 - [INFO] - from org.springframework.boot.devtools.env.DevToolsPropertyDefaultsPostProcessor in restartedMain 
Devtools property defaults active! Set 'spring.devtools.add-properties' to 'false' to disable

2023-09-22 00:21:36,783 - [INFO] - from org.springframework.boot.devtools.env.DevToolsPropertyDefaultsPostProcessor in restartedMain 
For additional web related logging consider setting the 'logging.level.web' property to 'DEBUG'

2023-09-22 00:21:37,486 - [INFO] - from org.springframework.data.repository.config.RepositoryConfigurationDelegate in restartedMain 
Bootstrapping Spring Data JPA repositories in DEFAULT mode.

2023-09-22 00:21:37,548 - [INFO] - from org.springframework.data.repository.config.RepositoryConfigurationDelegate in restartedMain 
Finished Spring Data repository scanning in 53 ms. Found 1 JPA repository interfaces.

2023-09-22 00:21:38,231 - [INFO] - from org.springframework.boot.web.embedded.tomcat.TomcatWebServer in restartedMain 
Tomcat initialized with port(s): 8080 (http)

2023-09-22 00:21:38,241 - [INFO] - from org.apache.coyote.http11.Http11NioProtocol in restartedMain 
Initializing ProtocolHandler ["http-nio-8080"]

2023-09-22 00:21:38,243 - [INFO] - from org.apache.catalina.core.StandardService in restartedMain 
Starting service [Tomcat]

2023-09-22 00:21:38,244 - [INFO] - from org.apache.catalina.core.StandardEngine in restartedMain 
Starting Servlet engine: [Apache Tomcat/10.1.12]

2023-09-22 00:21:38,312 - [INFO] - from org.apache.catalina.core.ContainerBase.[Tomcat].[localhost].[/] in restartedMain 
Initializing Spring embedded WebApplicationContext

2023-09-22 00:21:38,313 - [INFO] - from org.springframework.boot.web.servlet.context.ServletWebServerApplicationContext in restartedMain 
Root WebApplicationContext: initialization completed in 1529 ms

2023-09-22 00:21:38,491 - [INFO] - from org.hibernate.jpa.internal.util.LogHelper in restartedMain 
HHH000204: Processing PersistenceUnitInfo [name: default]

2023-09-22 00:21:38,578 - [INFO] - from org.hibernate.Version in restartedMain 
HHH000412: Hibernate ORM core version 6.2.7.Final

2023-09-22 00:21:38,582 - [INFO] - from org.hibernate.cfg.Environment in restartedMain 
HHH000406: Using bytecode reflection optimizer

2023-09-22 00:21:38,759 - [INFO] - from org.hibernate.bytecode.internal.BytecodeProviderInitiator in restartedMain 
HHH000021: Bytecode provider name : bytebuddy

2023-09-22 00:21:38,948 - [INFO] - from org.springframework.orm.jpa.persistenceunit.SpringPersistenceUnitInfo in restartedMain 
No LoadTimeWeaver setup: ignoring JPA class transformer

2023-09-22 00:21:38,970 - [INFO] - from com.zaxxer.hikari.HikariDataSource in restartedMain 
HikariPool-1 - Starting...

2023-09-22 00:21:39,165 - [INFO] - from com.zaxxer.hikari.pool.HikariPool in restartedMain 
HikariPool-1 - Added connection com.mysql.cj.jdbc.ConnectionImpl@16817d82

2023-09-22 00:21:39,168 - [INFO] - from com.zaxxer.hikari.HikariDataSource in restartedMain 
HikariPool-1 - Start completed.

2023-09-22 00:21:39,232 - [WARN] - from org.hibernate.dialect.Dialect in restartedMain 
HHH000511: The 5.5.0 version for [org.hibernate.dialect.MySQLDialect] is no longer supported, hence certain features may not work properly. The minimum supported version is 5.7.0. Check the community dialects project for available legacy versions.

2023-09-22 00:21:39,457 - [INFO] - from org.hibernate.bytecode.internal.BytecodeProviderInitiator in restartedMain 
HHH000021: Bytecode provider name : bytebuddy

2023-09-22 00:21:40,179 - [INFO] - from org.hibernate.engine.transaction.jta.platform.internal.JtaPlatformInitiator in restartedMain 
HHH000490: Using JtaPlatform implementation: [org.hibernate.engine.transaction.jta.platform.internal.NoJtaPlatform]

2023-09-22 00:21:40,217 - [INFO] - from org.springframework.orm.jpa.LocalContainerEntityManagerFactoryBean in restartedMain 
Initialized JPA EntityManagerFactory for persistence unit 'default'

2023-09-22 00:21:40,618 - [WARN] - from org.springframework.boot.autoconfigure.orm.jpa.JpaBaseConfiguration$JpaWebConfiguration in restartedMain 
spring.jpa.open-in-view is enabled by default. Therefore, database queries may be performed during view rendering. Explicitly configure spring.jpa.open-in-view to disable this warning

2023-09-22 00:21:40,770 - [INFO] - from org.springframework.boot.autoconfigure.web.servlet.WelcomePageHandlerMapping in restartedMain 
Adding welcome page template: index

2023-09-22 00:21:40,981 - [INFO] - from org.springframework.boot.devtools.autoconfigure.OptionalLiveReloadServer in restartedMain 
LiveReload server is running on port 35729

2023-09-22 00:21:40,991 - [INFO] - from org.apache.coyote.http11.Http11NioProtocol in restartedMain 
Starting ProtocolHandler ["http-nio-8080"]

2023-09-22 00:21:41,008 - [INFO] - from org.springframework.boot.web.embedded.tomcat.TomcatWebServer in restartedMain 
Tomcat started on port(s): 8080 (http) with context path ''

2023-09-22 00:21:41,017 - [INFO] - from edu.carroll.ifa.IfaApplication in restartedMain 
Started IfaApplication in 4.838 seconds (process running for 5.306)

2023-09-22 00:21:41,305 - [INFO] - from org.apache.catalina.core.ContainerBase.[Tomcat].[localhost].[/] in http-nio-8080-exec-1 
Initializing Spring DispatcherServlet 'dispatcherServlet'

2023-09-22 00:21:41,305 - [INFO] - from org.springframework.web.servlet.DispatcherServlet in http-nio-8080-exec-1 
Initializing Servlet 'dispatcherServlet'

2023-09-22 00:21:41,307 - [INFO] - from org.springframework.web.servlet.DispatcherServlet in http-nio-8080-exec-1 
Completed initialization in 1 ms

2023-09-22 00:21:43,703 - [INFO] - from edu.carroll.ifa.web.controller.LoginController in http-nio-8080-exec-4 
Visited login page

2023-09-22 00:22:12,761 - [WARN] - from edu.carroll.ifa.web.controller.LoginController in http-nio-8080-exec-5 
Username and password do not match known users

2023-09-22 00:22:16,643 - [INFO] - from edu.carroll.ifa.web.controller.LoginController in http-nio-8080-exec-7 
Smith_j successfully logged in

2023-09-22 00:22:20,593 - [INFO] - from edu.carroll.ifa.web.controller.LoginController in http-nio-8080-exec-9 
Smith_j successfully logged in

2023-09-22 00:22:23,110 - [INFO] - from edu.carroll.ifa.web.controller.LoginController in http-nio-8080-exec-1 
Smith_j successfully deleted their account 

2023-09-22 00:27:29,900 - [INFO] - from org.springframework.orm.jpa.LocalContainerEntityManagerFactoryBean in SpringApplicationShutdownHook 
Closing JPA EntityManagerFactory for persistence unit 'default'

2023-09-22 00:27:29,906 - [INFO] - from com.zaxxer.hikari.HikariDataSource in SpringApplicationShutdownHook 
HikariPool-1 - Shutdown initiated...

2023-09-22 00:27:29,914 - [INFO] - from com.zaxxer.hikari.HikariDataSource in SpringApplicationShutdownHook 
HikariPool-1 - Shutdown completed.

2023-09-22 10:21:00,735 - [INFO] - from org.hibernate.validator.internal.util.Version in background-preinit 
HV000001: Hibernate Validator 8.0.1.Final

2023-09-22 10:21:00,789 - [INFO] - from edu.carroll.ifa.IfaApplication in restartedMain 
Starting IfaApplication using Java 18.0.2.1 with PID 62779 (/Users/ryan_ovalley/Documents/software_eng2/Projects/ifa/build/classes/java/main started by ryan_ovalley in /Users/ryan_ovalley/Documents/software_eng2/Projects/ifa)

2023-09-22 10:21:00,790 - [INFO] - from edu.carroll.ifa.IfaApplication in restartedMain 
No active profile set, falling back to 1 default profile: "default"

2023-09-22 10:21:00,832 - [INFO] - from org.springframework.boot.devtools.env.DevToolsPropertyDefaultsPostProcessor in restartedMain 
Devtools property defaults active! Set 'spring.devtools.add-properties' to 'false' to disable

2023-09-22 10:21:00,832 - [INFO] - from org.springframework.boot.devtools.env.DevToolsPropertyDefaultsPostProcessor in restartedMain 
For additional web related logging consider setting the 'logging.level.web' property to 'DEBUG'

2023-09-22 10:21:01,422 - [INFO] - from org.springframework.data.repository.config.RepositoryConfigurationDelegate in restartedMain 
Bootstrapping Spring Data JPA repositories in DEFAULT mode.

2023-09-22 10:21:01,477 - [INFO] - from org.springframework.data.repository.config.RepositoryConfigurationDelegate in restartedMain 
Finished Spring Data repository scanning in 47 ms. Found 1 JPA repository interfaces.

2023-09-22 10:21:02,076 - [INFO] - from org.springframework.boot.web.embedded.tomcat.TomcatWebServer in restartedMain 
Tomcat initialized with port(s): 8080 (http)

2023-09-22 10:21:02,086 - [INFO] - from org.apache.coyote.http11.Http11NioProtocol in restartedMain 
Initializing ProtocolHandler ["http-nio-8080"]

2023-09-22 10:21:02,089 - [INFO] - from org.apache.catalina.core.StandardService in restartedMain 
Starting service [Tomcat]

2023-09-22 10:21:02,089 - [INFO] - from org.apache.catalina.core.StandardEngine in restartedMain 
Starting Servlet engine: [Apache Tomcat/10.1.12]

2023-09-22 10:21:02,150 - [INFO] - from org.apache.catalina.core.ContainerBase.[Tomcat].[localhost].[/] in restartedMain 
Initializing Spring embedded WebApplicationContext

2023-09-22 10:21:02,152 - [INFO] - from org.springframework.boot.web.servlet.context.ServletWebServerApplicationContext in restartedMain 
Root WebApplicationContext: initialization completed in 1318 ms

2023-09-22 10:21:02,378 - [INFO] - from org.hibernate.jpa.internal.util.LogHelper in restartedMain 
HHH000204: Processing PersistenceUnitInfo [name: default]

2023-09-22 10:21:02,452 - [INFO] - from org.hibernate.Version in restartedMain 
HHH000412: Hibernate ORM core version 6.2.7.Final

2023-09-22 10:21:02,454 - [INFO] - from org.hibernate.cfg.Environment in restartedMain 
HHH000406: Using bytecode reflection optimizer

2023-09-22 10:21:02,601 - [INFO] - from org.hibernate.bytecode.internal.BytecodeProviderInitiator in restartedMain 
HHH000021: Bytecode provider name : bytebuddy

2023-09-22 10:21:02,790 - [INFO] - from org.springframework.orm.jpa.persistenceunit.SpringPersistenceUnitInfo in restartedMain 
No LoadTimeWeaver setup: ignoring JPA class transformer

2023-09-22 10:21:02,808 - [INFO] - from com.zaxxer.hikari.HikariDataSource in restartedMain 
HikariPool-1 - Starting...

2023-09-22 10:21:02,983 - [INFO] - from com.zaxxer.hikari.pool.HikariPool in restartedMain 
HikariPool-1 - Added connection com.mysql.cj.jdbc.ConnectionImpl@340ccace

2023-09-22 10:21:02,985 - [INFO] - from com.zaxxer.hikari.HikariDataSource in restartedMain 
HikariPool-1 - Start completed.

2023-09-22 10:21:03,054 - [WARN] - from org.hibernate.dialect.Dialect in restartedMain 
HHH000511: The 5.5.0 version for [org.hibernate.dialect.MySQLDialect] is no longer supported, hence certain features may not work properly. The minimum supported version is 5.7.0. Check the community dialects project for available legacy versions.

2023-09-22 10:21:03,266 - [INFO] - from org.hibernate.bytecode.internal.BytecodeProviderInitiator in restartedMain 
HHH000021: Bytecode provider name : bytebuddy

2023-09-22 10:21:03,971 - [INFO] - from org.hibernate.engine.transaction.jta.platform.internal.JtaPlatformInitiator in restartedMain 
HHH000490: Using JtaPlatform implementation: [org.hibernate.engine.transaction.jta.platform.internal.NoJtaPlatform]

2023-09-22 10:21:04,011 - [INFO] - from org.springframework.orm.jpa.LocalContainerEntityManagerFactoryBean in restartedMain 
Initialized JPA EntityManagerFactory for persistence unit 'default'

2023-09-22 10:21:04,376 - [WARN] - from org.springframework.boot.autoconfigure.orm.jpa.JpaBaseConfiguration$JpaWebConfiguration in restartedMain 
spring.jpa.open-in-view is enabled by default. Therefore, database queries may be performed during view rendering. Explicitly configure spring.jpa.open-in-view to disable this warning

2023-09-22 10:21:04,509 - [INFO] - from org.springframework.boot.autoconfigure.web.servlet.WelcomePageHandlerMapping in restartedMain 
Adding welcome page template: index

2023-09-22 10:21:04,714 - [INFO] - from org.springframework.boot.devtools.autoconfigure.OptionalLiveReloadServer in restartedMain 
LiveReload server is running on port 35729

2023-09-22 10:21:04,726 - [INFO] - from org.apache.coyote.http11.Http11NioProtocol in restartedMain 
Starting ProtocolHandler ["http-nio-8080"]

2023-09-22 10:21:04,742 - [INFO] - from org.springframework.boot.web.embedded.tomcat.TomcatWebServer in restartedMain 
Tomcat started on port(s): 8080 (http) with context path ''

2023-09-22 10:21:04,750 - [INFO] - from edu.carroll.ifa.IfaApplication in restartedMain 
Started IfaApplication in 4.437 seconds (process running for 4.853)

2023-09-22 10:21:06,434 - [INFO] - from org.apache.catalina.core.ContainerBase.[Tomcat].[localhost].[/] in http-nio-8080-exec-1 
Initializing Spring DispatcherServlet 'dispatcherServlet'

2023-09-22 10:21:06,434 - [INFO] - from org.springframework.web.servlet.DispatcherServlet in http-nio-8080-exec-1 
Initializing Servlet 'dispatcherServlet'

2023-09-22 10:21:06,435 - [INFO] - from org.springframework.web.servlet.DispatcherServlet in http-nio-8080-exec-1 
Completed initialization in 1 ms

2023-09-22 10:21:09,128 - [INFO] - from edu.carroll.ifa.web.controller.RegisterController in http-nio-8080-exec-3 
Visited the register page

2023-09-22 10:21:26,837 - [INFO] - from edu.carroll.ifa.web.controller.RegisterController in http-nio-8080-exec-4 
The username Trey_l completed registration

2023-09-22 10:21:26,843 - [INFO] - from edu.carroll.ifa.web.controller.LoginController in http-nio-8080-exec-5 
Visited login page

2023-09-22 10:21:34,076 - [INFO] - from edu.carroll.ifa.web.controller.LoginController in http-nio-8080-exec-7 
Trey_l successfully logged in

2023-09-22 10:21:36,696 - [INFO] - from edu.carroll.ifa.web.controller.LoginController in http-nio-8080-exec-8 
successfully logged out

2023-09-22 10:21:37,960 - [INFO] - from edu.carroll.ifa.web.controller.LoginController in http-nio-8080-exec-9 
Visited login page

2023-09-22 10:24:36,053 - [WARN] - from edu.carroll.ifa.web.controller.LoginController in http-nio-8080-exec-2 
Username and password do not match known users

2023-09-22 10:27:10,982 - [INFO] - from org.springframework.orm.jpa.LocalContainerEntityManagerFactoryBean in SpringApplicationShutdownHook 
Closing JPA EntityManagerFactory for persistence unit 'default'

2023-09-22 10:27:10,987 - [INFO] - from com.zaxxer.hikari.HikariDataSource in SpringApplicationShutdownHook 
HikariPool-1 - Shutdown initiated...

2023-09-22 10:27:10,995 - [INFO] - from com.zaxxer.hikari.HikariDataSource in SpringApplicationShutdownHook 
HikariPool-1 - Shutdown completed.

2023-09-22 10:27:14,148 - [INFO] - from org.hibernate.validator.internal.util.Version in background-preinit 
HV000001: Hibernate Validator 8.0.1.Final

2023-09-22 10:27:14,180 - [INFO] - from edu.carroll.ifa.IfaApplication in restartedMain 
Starting IfaApplication using Java 18.0.2.1 with PID 62849 (/Users/ryan_ovalley/Documents/software_eng2/Projects/ifa/build/classes/java/main started by ryan_ovalley in /Users/ryan_ovalley/Documents/software_eng2/Projects/ifa)

2023-09-22 10:27:14,181 - [INFO] - from edu.carroll.ifa.IfaApplication in restartedMain 
No active profile set, falling back to 1 default profile: "default"

2023-09-22 10:27:14,213 - [INFO] - from org.springframework.boot.devtools.env.DevToolsPropertyDefaultsPostProcessor in restartedMain 
Devtools property defaults active! Set 'spring.devtools.add-properties' to 'false' to disable

2023-09-22 10:27:14,214 - [INFO] - from org.springframework.boot.devtools.env.DevToolsPropertyDefaultsPostProcessor in restartedMain 
For additional web related logging consider setting the 'logging.level.web' property to 'DEBUG'

2023-09-22 10:27:14,677 - [INFO] - from org.springframework.data.repository.config.RepositoryConfigurationDelegate in restartedMain 
Bootstrapping Spring Data JPA repositories in DEFAULT mode.

2023-09-22 10:27:14,722 - [INFO] - from org.springframework.data.repository.config.RepositoryConfigurationDelegate in restartedMain 
Finished Spring Data repository scanning in 39 ms. Found 1 JPA repository interfaces.

2023-09-22 10:27:15,181 - [INFO] - from org.springframework.boot.web.embedded.tomcat.TomcatWebServer in restartedMain 
Tomcat initialized with port(s): 8080 (http)

2023-09-22 10:27:15,188 - [INFO] - from org.apache.coyote.http11.Http11NioProtocol in restartedMain 
Initializing ProtocolHandler ["http-nio-8080"]

2023-09-22 10:27:15,189 - [INFO] - from org.apache.catalina.core.StandardService in restartedMain 
Starting service [Tomcat]

2023-09-22 10:27:15,190 - [INFO] - from org.apache.catalina.core.StandardEngine in restartedMain 
Starting Servlet engine: [Apache Tomcat/10.1.12]

2023-09-22 10:27:15,240 - [INFO] - from org.apache.catalina.core.ContainerBase.[Tomcat].[localhost].[/] in restartedMain 
Initializing Spring embedded WebApplicationContext

2023-09-22 10:27:15,241 - [INFO] - from org.springframework.boot.web.servlet.context.ServletWebServerApplicationContext in restartedMain 
Root WebApplicationContext: initialization completed in 1026 ms

2023-09-22 10:27:15,382 - [INFO] - from org.hibernate.jpa.internal.util.LogHelper in restartedMain 
HHH000204: Processing PersistenceUnitInfo [name: default]

2023-09-22 10:27:15,417 - [INFO] - from org.hibernate.Version in restartedMain 
HHH000412: Hibernate ORM core version 6.2.7.Final

2023-09-22 10:27:15,419 - [INFO] - from org.hibernate.cfg.Environment in restartedMain 
HHH000406: Using bytecode reflection optimizer

2023-09-22 10:27:15,520 - [INFO] - from org.hibernate.bytecode.internal.BytecodeProviderInitiator in restartedMain 
HHH000021: Bytecode provider name : bytebuddy

2023-09-22 10:27:15,614 - [INFO] - from org.springframework.orm.jpa.persistenceunit.SpringPersistenceUnitInfo in restartedMain 
No LoadTimeWeaver setup: ignoring JPA class transformer

2023-09-22 10:27:15,628 - [INFO] - from com.zaxxer.hikari.HikariDataSource in restartedMain 
HikariPool-1 - Starting...

2023-09-22 10:27:15,766 - [INFO] - from com.zaxxer.hikari.pool.HikariPool in restartedMain 
HikariPool-1 - Added connection com.mysql.cj.jdbc.ConnectionImpl@5d64aae0

2023-09-22 10:27:15,768 - [INFO] - from com.zaxxer.hikari.HikariDataSource in restartedMain 
HikariPool-1 - Start completed.

2023-09-22 10:27:15,807 - [WARN] - from org.hibernate.dialect.Dialect in restartedMain 
HHH000511: The 5.5.0 version for [org.hibernate.dialect.MySQLDialect] is no longer supported, hence certain features may not work properly. The minimum supported version is 5.7.0. Check the community dialects project for available legacy versions.

2023-09-22 10:27:15,952 - [INFO] - from org.hibernate.bytecode.internal.BytecodeProviderInitiator in restartedMain 
HHH000021: Bytecode provider name : bytebuddy

2023-09-22 10:27:16,420 - [INFO] - from org.hibernate.engine.transaction.jta.platform.internal.JtaPlatformInitiator in restartedMain 
HHH000490: Using JtaPlatform implementation: [org.hibernate.engine.transaction.jta.platform.internal.NoJtaPlatform]

2023-09-22 10:27:16,450 - [INFO] - from org.springframework.orm.jpa.LocalContainerEntityManagerFactoryBean in restartedMain 
Initialized JPA EntityManagerFactory for persistence unit 'default'

2023-09-22 10:27:16,720 - [WARN] - from org.springframework.boot.autoconfigure.orm.jpa.JpaBaseConfiguration$JpaWebConfiguration in restartedMain 
spring.jpa.open-in-view is enabled by default. Therefore, database queries may be performed during view rendering. Explicitly configure spring.jpa.open-in-view to disable this warning

2023-09-22 10:27:16,832 - [INFO] - from org.springframework.boot.autoconfigure.web.servlet.WelcomePageHandlerMapping in restartedMain 
Adding welcome page template: index

2023-09-22 10:27:16,965 - [INFO] - from org.springframework.boot.devtools.autoconfigure.OptionalLiveReloadServer in restartedMain 
LiveReload server is running on port 35729

2023-09-22 10:27:16,975 - [INFO] - from org.apache.coyote.http11.Http11NioProtocol in restartedMain 
Starting ProtocolHandler ["http-nio-8080"]

2023-09-22 10:27:16,989 - [INFO] - from org.springframework.boot.web.embedded.tomcat.TomcatWebServer in restartedMain 
Tomcat started on port(s): 8080 (http) with context path ''

2023-09-22 10:27:16,997 - [INFO] - from edu.carroll.ifa.IfaApplication in restartedMain 
Started IfaApplication in 3.188 seconds (process running for 3.541)

2023-09-22 10:27:29,453 - [INFO] - from org.apache.catalina.core.ContainerBase.[Tomcat].[localhost].[/] in http-nio-8080-exec-1 
Initializing Spring DispatcherServlet 'dispatcherServlet'

2023-09-22 10:27:29,453 - [INFO] - from org.springframework.web.servlet.DispatcherServlet in http-nio-8080-exec-1 
Initializing Servlet 'dispatcherServlet'

2023-09-22 10:27:29,455 - [INFO] - from org.springframework.web.servlet.DispatcherServlet in http-nio-8080-exec-1 
Completed initialization in 0 ms

2023-09-22 10:27:31,482 - [INFO] - from edu.carroll.ifa.web.controller.LoginController in http-nio-8080-exec-2 
Visited the login page

2023-09-22 10:27:38,298 - [INFO] - from edu.carroll.ifa.web.controller.LoginController in http-nio-8080-exec-4 
Trey_l successfully logged in

2023-09-22 10:28:12,939 - [INFO] - from edu.carroll.ifa.web.controller.UserController in http-nio-8080-exec-5 
visited update account page 

2023-09-22 10:28:38,515 - [INFO] - from edu.carroll.ifa.web.controller.UserController in http-nio-8080-exec-7 
Trey_l successfully updated their account

2023-09-22 10:28:38,521 - [INFO] - from edu.carroll.ifa.web.controller.LoginController in http-nio-8080-exec-8 
Trey_l successfully logged in

2023-09-22 10:29:09,476 - [INFO] - from edu.carroll.ifa.web.controller.DrillsController in http-nio-8080-exec-9 
Trey_l successfully visited the soccer drills page

2023-09-22 10:29:20,203 - [INFO] - from edu.carroll.ifa.web.controller.LoginController in http-nio-8080-exec-1 
Visited the login page

2023-09-22 10:30:10,125 - [WARN] - from edu.carroll.ifa.web.controller.LoginController in http-nio-8080-exec-3 
login failed username or password do not match known users

2023-09-22 10:30:17,639 - [WARN] - from edu.carroll.ifa.web.controller.LoginController in http-nio-8080-exec-4 
login failed username or password do not match known users

2023-09-22 10:30:25,622 - [WARN] - from edu.carroll.ifa.web.controller.LoginController in http-nio-8080-exec-5 
login failed username or password do not match known users

2023-09-22 10:30:26,061 - [INFO] - from edu.carroll.ifa.web.controller.LoginController in http-nio-8080-exec-7 
trey_lance successfully logged in

2023-09-22 10:30:28,642 - [INFO] - from edu.carroll.ifa.web.controller.DrillsController in http-nio-8080-exec-8 
trey_lance successfully visited the soccer drills page

2023-09-22 10:30:35,143 - [INFO] - from edu.carroll.ifa.web.controller.UserController in http-nio-8080-exec-9 
visited update account page 

2023-09-22 10:30:40,206 - [INFO] - from edu.carroll.ifa.web.controller.UserController in http-nio-8080-exec-10 
trey_lance successfully updated their account

2023-09-22 10:30:40,210 - [INFO] - from edu.carroll.ifa.web.controller.LoginController in http-nio-8080-exec-1 
trey_lance successfully logged in

2023-09-22 10:30:41,650 - [INFO] - from edu.carroll.ifa.web.controller.DrillsController in http-nio-8080-exec-2 
trey_lance successfully visited the soccer drills page

2023-09-22 10:30:46,494 - [INFO] - from edu.carroll.ifa.web.controller.LoginController in http-nio-8080-exec-4 
Visited the login page

2023-09-22 10:31:14,429 - [WARN] - from edu.carroll.ifa.web.controller.LoginController in http-nio-8080-exec-6 
login failed username or password do not match known users

2023-09-22 10:31:19,043 - [WARN] - from edu.carroll.ifa.web.controller.LoginController in http-nio-8080-exec-7 
login failed username or password do not match known users

2023-09-22 10:31:20,507 - [INFO] - from edu.carroll.ifa.web.controller.LoginController in http-nio-8080-exec-9 
trey_lance successfully logged in

2023-09-22 10:31:30,915 - [INFO] - from edu.carroll.ifa.web.controller.LoginController in http-nio-8080-exec-1 
trey_lance successfully logged in

2023-09-22 10:31:34,116 - [INFO] - from edu.carroll.ifa.web.controller.LoginController in http-nio-8080-exec-3 
trey_lance successfully logged in

2023-09-22 10:31:39,931 - [WARN] - from edu.carroll.ifa.web.controller.LoginController in http-nio-8080-exec-4 
login failed username or password do not match known users

2023-09-22 10:31:41,501 - [INFO] - from edu.carroll.ifa.web.controller.LoginController in http-nio-8080-exec-6 
trey_lance successfully logged in

2023-09-22 10:32:06,407 - [INFO] - from org.springframework.orm.jpa.LocalContainerEntityManagerFactoryBean in SpringApplicationShutdownHook 
Closing JPA EntityManagerFactory for persistence unit 'default'

2023-09-22 10:32:06,411 - [INFO] - from com.zaxxer.hikari.HikariDataSource in SpringApplicationShutdownHook 
HikariPool-1 - Shutdown initiated...

2023-09-22 10:32:06,416 - [INFO] - from com.zaxxer.hikari.HikariDataSource in SpringApplicationShutdownHook 
HikariPool-1 - Shutdown completed.

2023-09-22 10:32:10,060 - [INFO] - from org.hibernate.validator.internal.util.Version in background-preinit 
HV000001: Hibernate Validator 8.0.1.Final

2023-09-22 10:32:10,097 - [INFO] - from edu.carroll.ifa.IfaApplication in restartedMain 
Starting IfaApplication using Java 18.0.2.1 with PID 62908 (/Users/ryan_ovalley/Documents/software_eng2/Projects/ifa/build/classes/java/main started by ryan_ovalley in /Users/ryan_ovalley/Documents/software_eng2/Projects/ifa)

2023-09-22 10:32:10,097 - [INFO] - from edu.carroll.ifa.IfaApplication in restartedMain 
No active profile set, falling back to 1 default profile: "default"

2023-09-22 10:32:10,132 - [INFO] - from org.springframework.boot.devtools.env.DevToolsPropertyDefaultsPostProcessor in restartedMain 
Devtools property defaults active! Set 'spring.devtools.add-properties' to 'false' to disable

2023-09-22 10:32:10,132 - [INFO] - from org.springframework.boot.devtools.env.DevToolsPropertyDefaultsPostProcessor in restartedMain 
For additional web related logging consider setting the 'logging.level.web' property to 'DEBUG'

2023-09-22 10:32:10,667 - [INFO] - from org.springframework.data.repository.config.RepositoryConfigurationDelegate in restartedMain 
Bootstrapping Spring Data JPA repositories in DEFAULT mode.

2023-09-22 10:32:10,715 - [INFO] - from org.springframework.data.repository.config.RepositoryConfigurationDelegate in restartedMain 
Finished Spring Data repository scanning in 42 ms. Found 1 JPA repository interfaces.

2023-09-22 10:32:11,216 - [INFO] - from org.springframework.boot.web.embedded.tomcat.TomcatWebServer in restartedMain 
Tomcat initialized with port(s): 8080 (http)

2023-09-22 10:32:11,224 - [INFO] - from org.apache.coyote.http11.Http11NioProtocol in restartedMain 
Initializing ProtocolHandler ["http-nio-8080"]

2023-09-22 10:32:11,227 - [INFO] - from org.apache.catalina.core.StandardService in restartedMain 
Starting service [Tomcat]

2023-09-22 10:32:11,227 - [INFO] - from org.apache.catalina.core.StandardEngine in restartedMain 
Starting Servlet engine: [Apache Tomcat/10.1.12]

2023-09-22 10:32:11,278 - [INFO] - from org.apache.catalina.core.ContainerBase.[Tomcat].[localhost].[/] in restartedMain 
Initializing Spring embedded WebApplicationContext

2023-09-22 10:32:11,279 - [INFO] - from org.springframework.boot.web.servlet.context.ServletWebServerApplicationContext in restartedMain 
Root WebApplicationContext: initialization completed in 1145 ms

2023-09-22 10:32:11,423 - [INFO] - from org.hibernate.jpa.internal.util.LogHelper in restartedMain 
HHH000204: Processing PersistenceUnitInfo [name: default]

2023-09-22 10:32:11,463 - [INFO] - from org.hibernate.Version in restartedMain 
HHH000412: Hibernate ORM core version 6.2.7.Final

2023-09-22 10:32:11,465 - [INFO] - from org.hibernate.cfg.Environment in restartedMain 
HHH000406: Using bytecode reflection optimizer

2023-09-22 10:32:11,565 - [INFO] - from org.hibernate.bytecode.internal.BytecodeProviderInitiator in restartedMain 
HHH000021: Bytecode provider name : bytebuddy

2023-09-22 10:32:11,671 - [INFO] - from org.springframework.orm.jpa.persistenceunit.SpringPersistenceUnitInfo in restartedMain 
No LoadTimeWeaver setup: ignoring JPA class transformer

2023-09-22 10:32:11,688 - [INFO] - from com.zaxxer.hikari.HikariDataSource in restartedMain 
HikariPool-1 - Starting...

2023-09-22 10:32:11,837 - [INFO] - from com.zaxxer.hikari.pool.HikariPool in restartedMain 
HikariPool-1 - Added connection com.mysql.cj.jdbc.ConnectionImpl@32a17950

2023-09-22 10:32:11,838 - [INFO] - from com.zaxxer.hikari.HikariDataSource in restartedMain 
HikariPool-1 - Start completed.

2023-09-22 10:32:11,876 - [WARN] - from org.hibernate.dialect.Dialect in restartedMain 
HHH000511: The 5.5.0 version for [org.hibernate.dialect.MySQLDialect] is no longer supported, hence certain features may not work properly. The minimum supported version is 5.7.0. Check the community dialects project for available legacy versions.

2023-09-22 10:32:12,011 - [INFO] - from org.hibernate.bytecode.internal.BytecodeProviderInitiator in restartedMain 
HHH000021: Bytecode provider name : bytebuddy

2023-09-22 10:32:12,450 - [INFO] - from org.hibernate.engine.transaction.jta.platform.internal.JtaPlatformInitiator in restartedMain 
HHH000490: Using JtaPlatform implementation: [org.hibernate.engine.transaction.jta.platform.internal.NoJtaPlatform]

2023-09-22 10:32:12,480 - [INFO] - from org.springframework.orm.jpa.LocalContainerEntityManagerFactoryBean in restartedMain 
Initialized JPA EntityManagerFactory for persistence unit 'default'

2023-09-22 10:32:12,759 - [WARN] - from org.springframework.boot.autoconfigure.orm.jpa.JpaBaseConfiguration$JpaWebConfiguration in restartedMain 
spring.jpa.open-in-view is enabled by default. Therefore, database queries may be performed during view rendering. Explicitly configure spring.jpa.open-in-view to disable this warning

2023-09-22 10:32:12,856 - [INFO] - from org.springframework.boot.autoconfigure.web.servlet.WelcomePageHandlerMapping in restartedMain 
Adding welcome page template: index

2023-09-22 10:32:12,982 - [INFO] - from org.springframework.boot.devtools.autoconfigure.OptionalLiveReloadServer in restartedMain 
LiveReload server is running on port 35729

2023-09-22 10:32:12,992 - [INFO] - from org.apache.coyote.http11.Http11NioProtocol in restartedMain 
Starting ProtocolHandler ["http-nio-8080"]

2023-09-22 10:32:13,010 - [INFO] - from org.springframework.boot.web.embedded.tomcat.TomcatWebServer in restartedMain 
Tomcat started on port(s): 8080 (http) with context path ''

2023-09-22 10:32:13,022 - [INFO] - from edu.carroll.ifa.IfaApplication in restartedMain 
Started IfaApplication in 3.341 seconds (process running for 3.74)

2023-09-22 10:32:13,070 - [INFO] - from org.apache.catalina.core.ContainerBase.[Tomcat].[localhost].[/] in http-nio-8080-exec-1 
Initializing Spring DispatcherServlet 'dispatcherServlet'

2023-09-22 10:32:13,070 - [INFO] - from org.springframework.web.servlet.DispatcherServlet in http-nio-8080-exec-1 
Initializing Servlet 'dispatcherServlet'

2023-09-22 10:32:13,071 - [INFO] - from org.springframework.web.servlet.DispatcherServlet in http-nio-8080-exec-1 
Completed initialization in 1 ms

2023-09-22 10:32:13,094 - [INFO] - from edu.carroll.ifa.web.controller.LoginController in http-nio-8080-exec-1 
trey_lance successfully logged in

2023-09-22 10:32:16,609 - [INFO] - from edu.carroll.ifa.web.controller.DrillsController in http-nio-8080-exec-2 
trey_lance successfully visited the soccer drills page

2023-09-22 10:32:19,005 - [INFO] - from edu.carroll.ifa.web.controller.LoginController in http-nio-8080-exec-3 
trey_lance successfully logged in

2023-09-22 10:32:39,375 - [INFO] - from edu.carroll.ifa.web.controller.DrillsController in http-nio-8080-exec-4 
trey_lance successfully visited the soccer drills page

2023-09-22 10:32:42,246 - [INFO] - from edu.carroll.ifa.web.controller.LoginController in http-nio-8080-exec-5 
trey_lance successfully logged in

2023-09-22 10:32:46,486 - [INFO] - from edu.carroll.ifa.web.controller.DrillsController in http-nio-8080-exec-6 
trey_lance successfully visited the soccer drills page

2023-09-22 10:33:01,259 - [INFO] - from edu.carroll.ifa.web.controller.LoginController in http-nio-8080-exec-7 
trey_lance successfully logged in

2023-09-22 10:33:04,197 - [INFO] - from edu.carroll.ifa.web.controller.UserController in http-nio-8080-exec-8 
visited update account page 

2023-09-22 10:33:28,504 - [INFO] - from edu.carroll.ifa.web.controller.LoginController in http-nio-8080-exec-10 
trey_lance successfully logged in

2023-09-22 10:33:32,875 - [INFO] - from edu.carroll.ifa.web.controller.UserController in http-nio-8080-exec-1 
visited delete account page 

2023-09-22 10:33:36,511 - [INFO] - from edu.carroll.ifa.web.controller.LoginController in http-nio-8080-exec-2 
trey_lance successfully logged in

2023-09-22 10:33:38,161 - [INFO] - from edu.carroll.ifa.web.controller.UserController in http-nio-8080-exec-3 
visited delete account page 

2023-09-22 10:33:39,863 - [INFO] - from edu.carroll.ifa.web.controller.LoginController in http-nio-8080-exec-4 
trey_lance successfully logged in

2023-09-22 10:33:43,406 - [INFO] - from edu.carroll.ifa.web.controller.LoginController in http-nio-8080-exec-5 
successfully logged out

2023-09-22 10:33:48,123 - [INFO] - from edu.carroll.ifa.web.controller.LoginController in http-nio-8080-exec-6 
Visited the login page

2023-09-22 10:33:57,456 - [INFO] - from edu.carroll.ifa.web.controller.LoginController in http-nio-8080-exec-7 
Visited the login page

2023-09-22 10:34:02,008 - [INFO] - from edu.carroll.ifa.web.controller.LoginController in http-nio-8080-exec-9 
Trey_lance successfully logged in

2023-09-22 10:34:13,918 - [INFO] - from edu.carroll.ifa.web.controller.DrillsController in http-nio-8080-exec-10 
Trey_lance successfully visited the soccer drills page

2023-09-22 10:34:18,092 - [INFO] - from edu.carroll.ifa.web.controller.UserController in http-nio-8080-exec-1 
visited update account page 

2023-09-22 10:34:23,733 - [INFO] - from edu.carroll.ifa.web.controller.UserController in http-nio-8080-exec-2 
Trey_lance successfully updated their account

2023-09-22 10:34:23,737 - [INFO] - from edu.carroll.ifa.web.controller.LoginController in http-nio-8080-exec-3 
Trey_lance successfully logged in

2023-09-22 10:34:31,659 - [INFO] - from edu.carroll.ifa.web.controller.DrillsController in http-nio-8080-exec-5 
Trey_lance successfully visited the soccer drills page

2023-09-22 10:34:35,048 - [INFO] - from edu.carroll.ifa.web.controller.LoginController in http-nio-8080-exec-6 
Trey_lance successfully logged in

2023-09-22 10:34:36,158 - [INFO] - from edu.carroll.ifa.web.controller.UserController in http-nio-8080-exec-7 
visited update account page 

2023-09-22 10:34:37,311 - [INFO] - from edu.carroll.ifa.web.controller.LoginController in http-nio-8080-exec-8 
Trey_lance successfully logged in

2023-09-22 10:34:39,136 - [INFO] - from edu.carroll.ifa.web.controller.UserController in http-nio-8080-exec-9 
visited delete account page 

2023-09-22 10:34:40,358 - [INFO] - from edu.carroll.ifa.web.controller.LoginController in http-nio-8080-exec-10 
Trey_lance successfully logged in

2023-09-22 10:34:42,850 - [INFO] - from edu.carroll.ifa.web.controller.UserController in http-nio-8080-exec-1 
visited delete account page 

2023-09-22 10:34:46,094 - [INFO] - from edu.carroll.ifa.web.controller.LoginController in http-nio-8080-exec-2 
Trey_lance successfully logged in

2023-09-22 10:34:57,595 - [INFO] - from edu.carroll.ifa.web.controller.UserController in http-nio-8080-exec-3 
visited update account page 

2023-09-22 10:48:21,560 - [INFO] - from edu.carroll.ifa.web.controller.LoginController in http-nio-8080-exec-6 
Trey_lance successfully logged in

2023-09-22 10:48:23,491 - [INFO] - from edu.carroll.ifa.web.controller.LoginController in http-nio-8080-exec-7 
successfully logged out

2023-09-22 10:48:24,569 - [INFO] - from edu.carroll.ifa.web.controller.LoginController in http-nio-8080-exec-8 
Visited the login page

