2023-09-18 10:08:22,483 - [INFO] - from org.hibernate.validator.internal.util.Version in background-preinit 
HV000001: Hibernate Validator 8.0.1.Final

2023-09-18 10:08:22,542 - [INFO] - from edu.carroll.ifa.IfaApplication in restartedMain 
Starting IfaApplication using Java 18.0.2.1 with PID 47428 (/Users/ryan_ovalley/Documents/software_eng2/Projects/ifa/build/classes/java/main started by ryan_ovalley in /Users/ryan_ovalley/Documents/software_eng2/Projects/ifa)

2023-09-18 10:08:22,544 - [INFO] - from edu.carroll.ifa.IfaApplication in restartedMain 
No active profile set, falling back to 1 default profile: "default"

2023-09-18 10:08:22,600 - [INFO] - from org.springframework.boot.devtools.env.DevToolsPropertyDefaultsPostProcessor in restartedMain 
Devtools property defaults active! Set 'spring.devtools.add-properties' to 'false' to disable

2023-09-18 10:08:22,600 - [INFO] - from org.springframework.boot.devtools.env.DevToolsPropertyDefaultsPostProcessor in restartedMain 
For additional web related logging consider setting the 'logging.level.web' property to 'DEBUG'

2023-09-18 10:08:23,279 - [INFO] - from org.springframework.data.repository.config.RepositoryConfigurationDelegate in restartedMain 
Bootstrapping Spring Data JPA repositories in DEFAULT mode.

2023-09-18 10:08:23,345 - [INFO] - from org.springframework.data.repository.config.RepositoryConfigurationDelegate in restartedMain 
Finished Spring Data repository scanning in 56 ms. Found 1 JPA repository interfaces.

2023-09-18 10:08:24,064 - [INFO] - from org.springframework.boot.web.embedded.tomcat.TomcatWebServer in restartedMain 
Tomcat initialized with port(s): 8080 (http)

2023-09-18 10:08:24,075 - [INFO] - from org.apache.coyote.http11.Http11NioProtocol in restartedMain 
Initializing ProtocolHandler ["http-nio-8080"]

2023-09-18 10:08:24,077 - [INFO] - from org.apache.catalina.core.StandardService in restartedMain 
Starting service [Tomcat]

2023-09-18 10:08:24,077 - [INFO] - from org.apache.catalina.core.StandardEngine in restartedMain 
Starting Servlet engine: [Apache Tomcat/10.1.12]

2023-09-18 10:08:24,142 - [INFO] - from org.apache.catalina.core.ContainerBase.[Tomcat].[localhost].[/] in restartedMain 
Initializing Spring embedded WebApplicationContext

2023-09-18 10:08:24,143 - [INFO] - from org.springframework.boot.web.servlet.context.ServletWebServerApplicationContext in restartedMain 
Root WebApplicationContext: initialization completed in 1542 ms

2023-09-18 10:08:24,359 - [INFO] - from org.hibernate.jpa.internal.util.LogHelper in restartedMain 
HHH000204: Processing PersistenceUnitInfo [name: default]

2023-09-18 10:08:24,457 - [INFO] - from org.hibernate.Version in restartedMain 
HHH000412: Hibernate ORM core version 6.2.7.Final

2023-09-18 10:08:24,459 - [INFO] - from org.hibernate.cfg.Environment in restartedMain 
HHH000406: Using bytecode reflection optimizer

2023-09-18 10:08:24,615 - [INFO] - from org.hibernate.bytecode.internal.BytecodeProviderInitiator in restartedMain 
HHH000021: Bytecode provider name : bytebuddy

2023-09-18 10:08:24,842 - [INFO] - from org.springframework.orm.jpa.persistenceunit.SpringPersistenceUnitInfo in restartedMain 
No LoadTimeWeaver setup: ignoring JPA class transformer

2023-09-18 10:08:24,864 - [INFO] - from com.zaxxer.hikari.HikariDataSource in restartedMain 
HikariPool-1 - Starting...

2023-09-18 10:08:25,103 - [INFO] - from com.zaxxer.hikari.pool.HikariPool in restartedMain 
HikariPool-1 - Added connection com.mysql.cj.jdbc.ConnectionImpl@52695f

2023-09-18 10:08:25,105 - [INFO] - from com.zaxxer.hikari.HikariDataSource in restartedMain 
HikariPool-1 - Start completed.

2023-09-18 10:08:25,178 - [WARN] - from org.hibernate.dialect.Dialect in restartedMain 
HHH000511: The 5.5.0 version for [org.hibernate.dialect.MySQLDialect] is no longer supported, hence certain features may not work properly. The minimum supported version is 5.7.0. Check the community dialects project for available legacy versions.

2023-09-18 10:08:25,390 - [INFO] - from org.hibernate.bytecode.internal.BytecodeProviderInitiator in restartedMain 
HHH000021: Bytecode provider name : bytebuddy

2023-09-18 10:08:26,070 - [INFO] - from org.hibernate.engine.transaction.jta.platform.internal.JtaPlatformInitiator in restartedMain 
HHH000490: Using JtaPlatform implementation: [org.hibernate.engine.transaction.jta.platform.internal.NoJtaPlatform]

2023-09-18 10:08:26,124 - [INFO] - from org.springframework.orm.jpa.LocalContainerEntityManagerFactoryBean in restartedMain 
Initialized JPA EntityManagerFactory for persistence unit 'default'

2023-09-18 10:08:26,517 - [WARN] - from org.springframework.boot.autoconfigure.orm.jpa.JpaBaseConfiguration$JpaWebConfiguration in restartedMain 
spring.jpa.open-in-view is enabled by default. Therefore, database queries may be performed during view rendering. Explicitly configure spring.jpa.open-in-view to disable this warning

2023-09-18 10:08:26,656 - [INFO] - from org.springframework.boot.autoconfigure.web.servlet.WelcomePageHandlerMapping in restartedMain 
Adding welcome page template: index

2023-09-18 10:08:26,866 - [INFO] - from org.springframework.boot.devtools.autoconfigure.OptionalLiveReloadServer in restartedMain 
LiveReload server is running on port 35729

2023-09-18 10:08:26,881 - [INFO] - from org.apache.coyote.http11.Http11NioProtocol in restartedMain 
Starting ProtocolHandler ["http-nio-8080"]

2023-09-18 10:08:26,895 - [INFO] - from org.springframework.boot.web.embedded.tomcat.TomcatWebServer in restartedMain 
Tomcat started on port(s): 8080 (http) with context path ''

2023-09-18 10:08:26,905 - [INFO] - from edu.carroll.ifa.IfaApplication in restartedMain 
Started IfaApplication in 4.933 seconds (process running for 5.419)

2023-09-18 10:08:31,173 - [INFO] - from org.apache.catalina.core.ContainerBase.[Tomcat].[localhost].[/] in http-nio-8080-exec-1 
Initializing Spring DispatcherServlet 'dispatcherServlet'

2023-09-18 10:08:31,174 - [INFO] - from org.springframework.web.servlet.DispatcherServlet in http-nio-8080-exec-1 
Initializing Servlet 'dispatcherServlet'

2023-09-18 10:08:31,174 - [INFO] - from org.springframework.web.servlet.DispatcherServlet in http-nio-8080-exec-1 
Completed initialization in 0 ms

2023-09-18 10:09:17,345 - [WARN] - from org.springframework.security.crypto.bcrypt.BCryptPasswordEncoder in http-nio-8080-exec-2 
Encoded password does not look like BCrypt

2023-09-18 10:09:21,937 - [WARN] - from org.springframework.security.crypto.bcrypt.BCryptPasswordEncoder in http-nio-8080-exec-3 
Encoded password does not look like BCrypt

2023-09-18 10:19:14,767 - [WARN] - from com.zaxxer.hikari.pool.HikariPool in HikariPool-1 housekeeper 
HikariPool-1 - Thread starvation or clock leap detected (housekeeper delta=2m19s525ms).

2023-09-18 10:27:04,762 - [INFO] - from org.springframework.orm.jpa.LocalContainerEntityManagerFactoryBean in SpringApplicationShutdownHook 
Closing JPA EntityManagerFactory for persistence unit 'default'

2023-09-18 10:27:04,766 - [INFO] - from com.zaxxer.hikari.HikariDataSource in SpringApplicationShutdownHook 
HikariPool-1 - Shutdown initiated...

2023-09-18 10:27:04,779 - [INFO] - from com.zaxxer.hikari.HikariDataSource in SpringApplicationShutdownHook 
HikariPool-1 - Shutdown completed.

2023-09-18 11:13:12,573 - [INFO] - from org.hibernate.validator.internal.util.Version in background-preinit 
HV000001: Hibernate Validator 8.0.1.Final

2023-09-18 11:13:12,608 - [INFO] - from edu.carroll.ifa.IfaApplication in restartedMain 
Starting IfaApplication using Java 18.0.2.1 with PID 48060 (/Users/ryan_ovalley/Documents/software_eng2/Projects/ifa/build/classes/java/main started by ryan_ovalley in /Users/ryan_ovalley/Documents/software_eng2/Projects/ifa)

2023-09-18 11:13:12,610 - [INFO] - from edu.carroll.ifa.IfaApplication in restartedMain 
No active profile set, falling back to 1 default profile: "default"

2023-09-18 11:13:12,645 - [INFO] - from org.springframework.boot.devtools.env.DevToolsPropertyDefaultsPostProcessor in restartedMain 
Devtools property defaults active! Set 'spring.devtools.add-properties' to 'false' to disable

2023-09-18 11:13:12,646 - [INFO] - from org.springframework.boot.devtools.env.DevToolsPropertyDefaultsPostProcessor in restartedMain 
For additional web related logging consider setting the 'logging.level.web' property to 'DEBUG'

2023-09-18 11:13:13,089 - [INFO] - from org.springframework.data.repository.config.RepositoryConfigurationDelegate in restartedMain 
Bootstrapping Spring Data JPA repositories in DEFAULT mode.

2023-09-18 11:13:13,129 - [INFO] - from org.springframework.data.repository.config.RepositoryConfigurationDelegate in restartedMain 
Finished Spring Data repository scanning in 34 ms. Found 1 JPA repository interfaces.

2023-09-18 11:13:13,631 - [INFO] - from org.springframework.boot.web.embedded.tomcat.TomcatWebServer in restartedMain 
Tomcat initialized with port(s): 8080 (http)

2023-09-18 11:13:13,638 - [INFO] - from org.apache.coyote.http11.Http11NioProtocol in restartedMain 
Initializing ProtocolHandler ["http-nio-8080"]

2023-09-18 11:13:13,640 - [INFO] - from org.apache.catalina.core.StandardService in restartedMain 
Starting service [Tomcat]

2023-09-18 11:13:13,640 - [INFO] - from org.apache.catalina.core.StandardEngine in restartedMain 
Starting Servlet engine: [Apache Tomcat/10.1.12]

2023-09-18 11:13:13,689 - [INFO] - from org.apache.catalina.core.ContainerBase.[Tomcat].[localhost].[/] in restartedMain 
Initializing Spring embedded WebApplicationContext

2023-09-18 11:13:13,691 - [INFO] - from org.springframework.boot.web.servlet.context.ServletWebServerApplicationContext in restartedMain 
Root WebApplicationContext: initialization completed in 1044 ms

2023-09-18 11:13:13,824 - [INFO] - from org.hibernate.jpa.internal.util.LogHelper in restartedMain 
HHH000204: Processing PersistenceUnitInfo [name: default]

2023-09-18 11:13:13,857 - [INFO] - from org.hibernate.Version in restartedMain 
HHH000412: Hibernate ORM core version 6.2.7.Final

2023-09-18 11:13:13,858 - [INFO] - from org.hibernate.cfg.Environment in restartedMain 
HHH000406: Using bytecode reflection optimizer

2023-09-18 11:13:13,957 - [INFO] - from org.hibernate.bytecode.internal.BytecodeProviderInitiator in restartedMain 
HHH000021: Bytecode provider name : bytebuddy

2023-09-18 11:13:14,066 - [INFO] - from org.springframework.orm.jpa.persistenceunit.SpringPersistenceUnitInfo in restartedMain 
No LoadTimeWeaver setup: ignoring JPA class transformer

2023-09-18 11:13:14,082 - [INFO] - from com.zaxxer.hikari.HikariDataSource in restartedMain 
HikariPool-1 - Starting...

2023-09-18 11:13:14,244 - [INFO] - from com.zaxxer.hikari.pool.HikariPool in restartedMain 
HikariPool-1 - Added connection com.mysql.cj.jdbc.ConnectionImpl@52695f

2023-09-18 11:13:14,245 - [INFO] - from com.zaxxer.hikari.HikariDataSource in restartedMain 
HikariPool-1 - Start completed.

2023-09-18 11:13:14,288 - [WARN] - from org.hibernate.dialect.Dialect in restartedMain 
HHH000511: The 5.5.0 version for [org.hibernate.dialect.MySQLDialect] is no longer supported, hence certain features may not work properly. The minimum supported version is 5.7.0. Check the community dialects project for available legacy versions.

2023-09-18 11:13:14,456 - [INFO] - from org.hibernate.bytecode.internal.BytecodeProviderInitiator in restartedMain 
HHH000021: Bytecode provider name : bytebuddy

2023-09-18 11:13:14,930 - [INFO] - from org.hibernate.engine.transaction.jta.platform.internal.JtaPlatformInitiator in restartedMain 
HHH000490: Using JtaPlatform implementation: [org.hibernate.engine.transaction.jta.platform.internal.NoJtaPlatform]

2023-09-18 11:13:14,961 - [INFO] - from org.springframework.orm.jpa.LocalContainerEntityManagerFactoryBean in restartedMain 
Initialized JPA EntityManagerFactory for persistence unit 'default'

2023-09-18 11:13:15,256 - [WARN] - from org.springframework.boot.autoconfigure.orm.jpa.JpaBaseConfiguration$JpaWebConfiguration in restartedMain 
spring.jpa.open-in-view is enabled by default. Therefore, database queries may be performed during view rendering. Explicitly configure spring.jpa.open-in-view to disable this warning

2023-09-18 11:13:15,374 - [INFO] - from org.springframework.boot.autoconfigure.web.servlet.WelcomePageHandlerMapping in restartedMain 
Adding welcome page template: index

2023-09-18 11:13:15,535 - [INFO] - from org.springframework.boot.devtools.autoconfigure.OptionalLiveReloadServer in restartedMain 
LiveReload server is running on port 35729

2023-09-18 11:13:15,547 - [INFO] - from org.apache.coyote.http11.Http11NioProtocol in restartedMain 
Starting ProtocolHandler ["http-nio-8080"]

2023-09-18 11:13:15,561 - [INFO] - from org.springframework.boot.web.embedded.tomcat.TomcatWebServer in restartedMain 
Tomcat started on port(s): 8080 (http) with context path ''

2023-09-18 11:13:15,571 - [INFO] - from edu.carroll.ifa.IfaApplication in restartedMain 
Started IfaApplication in 3.314 seconds (process running for 3.628)

2023-09-18 11:13:28,459 - [INFO] - from org.apache.catalina.core.ContainerBase.[Tomcat].[localhost].[/] in http-nio-8080-exec-1 
Initializing Spring DispatcherServlet 'dispatcherServlet'

2023-09-18 11:13:28,459 - [INFO] - from org.springframework.web.servlet.DispatcherServlet in http-nio-8080-exec-1 
Initializing Servlet 'dispatcherServlet'

2023-09-18 11:13:28,460 - [INFO] - from org.springframework.web.servlet.DispatcherServlet in http-nio-8080-exec-1 
Completed initialization in 1 ms

2023-09-18 11:13:28,763 - [ERROR] - from org.thymeleaf.TemplateEngine in http-nio-8080-exec-1 
[THYMELEAF][http-nio-8080-exec-1] Exception processing template "updateAccount": An error happened during template parsing (template: "class path resource [templates/updateAccount.html]")
org.thymeleaf.exceptions.TemplateInputException: An error happened during template parsing (template: "class path resource [templates/updateAccount.html]")
	at org.thymeleaf.templateparser.markup.AbstractMarkupTemplateParser.parse(AbstractMarkupTemplateParser.java:241)
	at org.thymeleaf.templateparser.markup.AbstractMarkupTemplateParser.parseStandalone(AbstractMarkupTemplateParser.java:100)
	at org.thymeleaf.engine.TemplateManager.parseAndProcess(TemplateManager.java:666)
	at org.thymeleaf.TemplateEngine.process(TemplateEngine.java:1103)
	at org.thymeleaf.TemplateEngine.process(TemplateEngine.java:1077)
	at org.thymeleaf.spring6.view.ThymeleafView.renderFragment(ThymeleafView.java:372)
	at org.thymeleaf.spring6.view.ThymeleafView.render(ThymeleafView.java:192)
	at org.springframework.web.servlet.DispatcherServlet.render(DispatcherServlet.java:1415)
	at org.springframework.web.servlet.DispatcherServlet.processDispatchResult(DispatcherServlet.java:1159)
	at org.springframework.web.servlet.DispatcherServlet.doDispatch(DispatcherServlet.java:1098)
	at org.springframework.web.servlet.DispatcherServlet.doService(DispatcherServlet.java:974)
	at org.springframework.web.servlet.FrameworkServlet.processRequest(FrameworkServlet.java:1011)
	at org.springframework.web.servlet.FrameworkServlet.doGet(FrameworkServlet.java:903)
	at jakarta.servlet.http.HttpServlet.service(HttpServlet.java:564)
	at org.springframework.web.servlet.FrameworkServlet.service(FrameworkServlet.java:885)
	at jakarta.servlet.http.HttpServlet.service(HttpServlet.java:658)
	at org.apache.catalina.core.ApplicationFilterChain.internalDoFilter(ApplicationFilterChain.java:205)
	at org.apache.catalina.core.ApplicationFilterChain.doFilter(ApplicationFilterChain.java:149)
	at org.apache.tomcat.websocket.server.WsFilter.doFilter(WsFilter.java:51)
	at org.apache.catalina.core.ApplicationFilterChain.internalDoFilter(ApplicationFilterChain.java:174)
	at org.apache.catalina.core.ApplicationFilterChain.doFilter(ApplicationFilterChain.java:149)
	at org.springframework.web.filter.RequestContextFilter.doFilterInternal(RequestContextFilter.java:100)
	at org.springframework.web.filter.OncePerRequestFilter.doFilter(OncePerRequestFilter.java:116)
	at org.apache.catalina.core.ApplicationFilterChain.internalDoFilter(ApplicationFilterChain.java:174)
	at org.apache.catalina.core.ApplicationFilterChain.doFilter(ApplicationFilterChain.java:149)
	at org.springframework.web.filter.FormContentFilter.doFilterInternal(FormContentFilter.java:93)
	at org.springframework.web.filter.OncePerRequestFilter.doFilter(OncePerRequestFilter.java:116)
	at org.apache.catalina.core.ApplicationFilterChain.internalDoFilter(ApplicationFilterChain.java:174)
	at org.apache.catalina.core.ApplicationFilterChain.doFilter(ApplicationFilterChain.java:149)
	at org.springframework.web.filter.CharacterEncodingFilter.doFilterInternal(CharacterEncodingFilter.java:201)
	at org.springframework.web.filter.OncePerRequestFilter.doFilter(OncePerRequestFilter.java:116)
	at org.apache.catalina.core.ApplicationFilterChain.internalDoFilter(ApplicationFilterChain.java:174)
	at org.apache.catalina.core.ApplicationFilterChain.doFilter(ApplicationFilterChain.java:149)
	at org.apache.catalina.core.StandardWrapperValve.invoke(StandardWrapperValve.java:166)
	at org.apache.catalina.core.StandardContextValve.invoke(StandardContextValve.java:90)
	at org.apache.catalina.authenticator.AuthenticatorBase.invoke(AuthenticatorBase.java:482)
	at org.apache.catalina.core.StandardHostValve.invoke(StandardHostValve.java:115)
	at org.apache.catalina.valves.ErrorReportValve.invoke(ErrorReportValve.java:93)
	at org.apache.catalina.core.StandardEngineValve.invoke(StandardEngineValve.java:74)
	at org.apache.catalina.connector.CoyoteAdapter.service(CoyoteAdapter.java:341)
	at org.apache.coyote.http11.Http11Processor.service(Http11Processor.java:391)
	at org.apache.coyote.AbstractProcessorLight.process(AbstractProcessorLight.java:63)
	at org.apache.coyote.AbstractProtocol$ConnectionHandler.process(AbstractProtocol.java:894)
	at org.apache.tomcat.util.net.NioEndpoint$SocketProcessor.doRun(NioEndpoint.java:1740)
	at org.apache.tomcat.util.net.SocketProcessorBase.run(SocketProcessorBase.java:52)
	at org.apache.tomcat.util.threads.ThreadPoolExecutor.runWorker(ThreadPoolExecutor.java:1191)
	at org.apache.tomcat.util.threads.ThreadPoolExecutor$Worker.run(ThreadPoolExecutor.java:659)
	at org.apache.tomcat.util.threads.TaskThread$WrappingRunnable.run(TaskThread.java:61)
	at java.base/java.lang.Thread.run(Thread.java:833)
Caused by: org.attoparser.ParseException: Error during execution of processor 'org.thymeleaf.spring6.processor.SpringInputGeneralFieldTagProcessor' (template: "updateAccount" - line 28, col 30)
	at org.attoparser.MarkupParser.parseDocument(MarkupParser.java:393)
	at org.attoparser.MarkupParser.parse(MarkupParser.java:257)
	at org.thymeleaf.templateparser.markup.AbstractMarkupTemplateParser.parse(AbstractMarkupTemplateParser.java:230)
	... 48 common frames omitted
Caused by: org.thymeleaf.exceptions.TemplateProcessingException: Error during execution of processor 'org.thymeleaf.spring6.processor.SpringInputGeneralFieldTagProcessor' (template: "updateAccount" - line 28, col 30)
	at org.thymeleaf.processor.element.AbstractAttributeTagProcessor.doProcess(AbstractAttributeTagProcessor.java:117)
	at org.thymeleaf.processor.element.AbstractElementTagProcessor.process(AbstractElementTagProcessor.java:95)
	at org.thymeleaf.util.ProcessorConfigurationUtils$ElementTagProcessorWrapper.process(ProcessorConfigurationUtils.java:633)
	at org.thymeleaf.engine.ProcessorTemplateHandler.handleStandaloneElement(ProcessorTemplateHandler.java:918)
	at org.thymeleaf.engine.TemplateHandlerAdapterMarkupHandler.handleStandaloneElementEnd(TemplateHandlerAdapterMarkupHandler.java:260)
	at org.thymeleaf.templateparser.markup.InlinedOutputExpressionMarkupHandler$InlineMarkupAdapterPreProcessorHandler.handleStandaloneElementEnd(InlinedOutputExpressionMarkupHandler.java:256)
	at org.thymeleaf.standard.inline.OutputExpressionInlinePreProcessorHandler.handleStandaloneElementEnd(OutputExpressionInlinePreProcessorHandler.java:169)
	at org.thymeleaf.templateparser.markup.InlinedOutputExpressionMarkupHandler.handleStandaloneElementEnd(InlinedOutputExpressionMarkupHandler.java:104)
	at org.attoparser.HtmlElement.handleStandaloneElementEnd(HtmlElement.java:79)
	at org.attoparser.HtmlMarkupHandler.handleStandaloneElementEnd(HtmlMarkupHandler.java:241)
	at org.attoparser.MarkupEventProcessorHandler.handleStandaloneElementEnd(MarkupEventProcessorHandler.java:327)
	at org.attoparser.ParsingElementMarkupUtil.parseStandaloneElement(ParsingElementMarkupUtil.java:96)
	at org.attoparser.MarkupParser.parseBuffer(MarkupParser.java:706)
	at org.attoparser.MarkupParser.parseDocument(MarkupParser.java:301)
	... 50 common frames omitted
Caused by: java.lang.IllegalStateException: Neither BindingResult nor plain target object for bean name 'user' available as request attribute
	at org.springframework.web.servlet.support.BindStatus.<init>(BindStatus.java:153)
	at org.springframework.web.servlet.support.RequestContext.getBindStatus(RequestContext.java:926)
	at org.thymeleaf.spring6.context.webmvc.SpringWebMvcThymeleafRequestContext.getBindStatus(SpringWebMvcThymeleafRequestContext.java:232)
	at org.thymeleaf.spring6.util.FieldUtils.getBindStatusFromParsedExpression(FieldUtils.java:306)
	at org.thymeleaf.spring6.util.FieldUtils.getBindStatus(FieldUtils.java:253)
	at org.thymeleaf.spring6.util.FieldUtils.getBindStatus(FieldUtils.java:227)
	at org.thymeleaf.spring6.processor.AbstractSpringFieldTagProcessor.doProcess(AbstractSpringFieldTagProcessor.java:174)
	at org.thymeleaf.processor.element.AbstractAttributeTagProcessor.doProcess(AbstractAttributeTagProcessor.java:74)
	... 63 common frames omitted

2023-09-18 11:13:28,767 - [ERROR] - from org.apache.catalina.core.ContainerBase.[Tomcat].[localhost].[/].[dispatcherServlet] in http-nio-8080-exec-1 
Servlet.service() for servlet [dispatcherServlet] in context with path [] threw exception [Request processing failed: org.thymeleaf.exceptions.TemplateInputException: An error happened during template parsing (template: "class path resource [templates/updateAccount.html]")] with root cause
java.lang.IllegalStateException: Neither BindingResult nor plain target object for bean name 'user' available as request attribute
	at org.springframework.web.servlet.support.BindStatus.<init>(BindStatus.java:153)
	at org.springframework.web.servlet.support.RequestContext.getBindStatus(RequestContext.java:926)
	at org.thymeleaf.spring6.context.webmvc.SpringWebMvcThymeleafRequestContext.getBindStatus(SpringWebMvcThymeleafRequestContext.java:232)
	at org.thymeleaf.spring6.util.FieldUtils.getBindStatusFromParsedExpression(FieldUtils.java:306)
	at org.thymeleaf.spring6.util.FieldUtils.getBindStatus(FieldUtils.java:253)
	at org.thymeleaf.spring6.util.FieldUtils.getBindStatus(FieldUtils.java:227)
	at org.thymeleaf.spring6.processor.AbstractSpringFieldTagProcessor.doProcess(AbstractSpringFieldTagProcessor.java:174)
	at org.thymeleaf.processor.element.AbstractAttributeTagProcessor.doProcess(AbstractAttributeTagProcessor.java:74)
	at org.thymeleaf.processor.element.AbstractElementTagProcessor.process(AbstractElementTagProcessor.java:95)
	at org.thymeleaf.util.ProcessorConfigurationUtils$ElementTagProcessorWrapper.process(ProcessorConfigurationUtils.java:633)
	at org.thymeleaf.engine.ProcessorTemplateHandler.handleStandaloneElement(ProcessorTemplateHandler.java:918)
	at org.thymeleaf.engine.TemplateHandlerAdapterMarkupHandler.handleStandaloneElementEnd(TemplateHandlerAdapterMarkupHandler.java:260)
	at org.thymeleaf.templateparser.markup.InlinedOutputExpressionMarkupHandler$InlineMarkupAdapterPreProcessorHandler.handleStandaloneElementEnd(InlinedOutputExpressionMarkupHandler.java:256)
	at org.thymeleaf.standard.inline.OutputExpressionInlinePreProcessorHandler.handleStandaloneElementEnd(OutputExpressionInlinePreProcessorHandler.java:169)
	at org.thymeleaf.templateparser.markup.InlinedOutputExpressionMarkupHandler.handleStandaloneElementEnd(InlinedOutputExpressionMarkupHandler.java:104)
	at org.attoparser.HtmlElement.handleStandaloneElementEnd(HtmlElement.java:79)
	at org.attoparser.HtmlMarkupHandler.handleStandaloneElementEnd(HtmlMarkupHandler.java:241)
	at org.attoparser.MarkupEventProcessorHandler.handleStandaloneElementEnd(MarkupEventProcessorHandler.java:327)
	at org.attoparser.ParsingElementMarkupUtil.parseStandaloneElement(ParsingElementMarkupUtil.java:96)
	at org.attoparser.MarkupParser.parseBuffer(MarkupParser.java:706)
	at org.attoparser.MarkupParser.parseDocument(MarkupParser.java:301)
	at org.attoparser.MarkupParser.parse(MarkupParser.java:257)
	at org.thymeleaf.templateparser.markup.AbstractMarkupTemplateParser.parse(AbstractMarkupTemplateParser.java:230)
	at org.thymeleaf.templateparser.markup.AbstractMarkupTemplateParser.parseStandalone(AbstractMarkupTemplateParser.java:100)
	at org.thymeleaf.engine.TemplateManager.parseAndProcess(TemplateManager.java:666)
	at org.thymeleaf.TemplateEngine.process(TemplateEngine.java:1103)
	at org.thymeleaf.TemplateEngine.process(TemplateEngine.java:1077)
	at org.thymeleaf.spring6.view.ThymeleafView.renderFragment(ThymeleafView.java:372)
	at org.thymeleaf.spring6.view.ThymeleafView.render(ThymeleafView.java:192)
	at org.springframework.web.servlet.DispatcherServlet.render(DispatcherServlet.java:1415)
	at org.springframework.web.servlet.DispatcherServlet.processDispatchResult(DispatcherServlet.java:1159)
	at org.springframework.web.servlet.DispatcherServlet.doDispatch(DispatcherServlet.java:1098)
	at org.springframework.web.servlet.DispatcherServlet.doService(DispatcherServlet.java:974)
	at org.springframework.web.servlet.FrameworkServlet.processRequest(FrameworkServlet.java:1011)
	at org.springframework.web.servlet.FrameworkServlet.doGet(FrameworkServlet.java:903)
	at jakarta.servlet.http.HttpServlet.service(HttpServlet.java:564)
	at org.springframework.web.servlet.FrameworkServlet.service(FrameworkServlet.java:885)
	at jakarta.servlet.http.HttpServlet.service(HttpServlet.java:658)
	at org.apache.catalina.core.ApplicationFilterChain.internalDoFilter(ApplicationFilterChain.java:205)
	at org.apache.catalina.core.ApplicationFilterChain.doFilter(ApplicationFilterChain.java:149)
	at org.apache.tomcat.websocket.server.WsFilter.doFilter(WsFilter.java:51)
	at org.apache.catalina.core.ApplicationFilterChain.internalDoFilter(ApplicationFilterChain.java:174)
	at org.apache.catalina.core.ApplicationFilterChain.doFilter(ApplicationFilterChain.java:149)
	at org.springframework.web.filter.RequestContextFilter.doFilterInternal(RequestContextFilter.java:100)
	at org.springframework.web.filter.OncePerRequestFilter.doFilter(OncePerRequestFilter.java:116)
	at org.apache.catalina.core.ApplicationFilterChain.internalDoFilter(ApplicationFilterChain.java:174)
	at org.apache.catalina.core.ApplicationFilterChain.doFilter(ApplicationFilterChain.java:149)
	at org.springframework.web.filter.FormContentFilter.doFilterInternal(FormContentFilter.java:93)
	at org.springframework.web.filter.OncePerRequestFilter.doFilter(OncePerRequestFilter.java:116)
	at org.apache.catalina.core.ApplicationFilterChain.internalDoFilter(ApplicationFilterChain.java:174)
	at org.apache.catalina.core.ApplicationFilterChain.doFilter(ApplicationFilterChain.java:149)
	at org.springframework.web.filter.CharacterEncodingFilter.doFilterInternal(CharacterEncodingFilter.java:201)
	at org.springframework.web.filter.OncePerRequestFilter.doFilter(OncePerRequestFilter.java:116)
	at org.apache.catalina.core.ApplicationFilterChain.internalDoFilter(ApplicationFilterChain.java:174)
	at org.apache.catalina.core.ApplicationFilterChain.doFilter(ApplicationFilterChain.java:149)
	at org.apache.catalina.core.StandardWrapperValve.invoke(StandardWrapperValve.java:166)
	at org.apache.catalina.core.StandardContextValve.invoke(StandardContextValve.java:90)
	at org.apache.catalina.authenticator.AuthenticatorBase.invoke(AuthenticatorBase.java:482)
	at org.apache.catalina.core.StandardHostValve.invoke(StandardHostValve.java:115)
	at org.apache.catalina.valves.ErrorReportValve.invoke(ErrorReportValve.java:93)
	at org.apache.catalina.core.StandardEngineValve.invoke(StandardEngineValve.java:74)
	at org.apache.catalina.connector.CoyoteAdapter.service(CoyoteAdapter.java:341)
	at org.apache.coyote.http11.Http11Processor.service(Http11Processor.java:391)
	at org.apache.coyote.AbstractProcessorLight.process(AbstractProcessorLight.java:63)
	at org.apache.coyote.AbstractProtocol$ConnectionHandler.process(AbstractProtocol.java:894)
	at org.apache.tomcat.util.net.NioEndpoint$SocketProcessor.doRun(NioEndpoint.java:1740)
	at org.apache.tomcat.util.net.SocketProcessorBase.run(SocketProcessorBase.java:52)
	at org.apache.tomcat.util.threads.ThreadPoolExecutor.runWorker(ThreadPoolExecutor.java:1191)
	at org.apache.tomcat.util.threads.ThreadPoolExecutor$Worker.run(ThreadPoolExecutor.java:659)
	at org.apache.tomcat.util.threads.TaskThread$WrappingRunnable.run(TaskThread.java:61)
	at java.base/java.lang.Thread.run(Thread.java:833)

2023-09-18 11:24:38,399 - [WARN] - from com.zaxxer.hikari.pool.HikariPool in HikariPool-1 housekeeper 
HikariPool-1 - Thread starvation or clock leap detected (housekeeper delta=53s998ms).

2023-09-18 11:27:14,993 - [WARN] - from com.zaxxer.hikari.pool.HikariPool in HikariPool-1 housekeeper 
HikariPool-1 - Thread starvation or clock leap detected (housekeeper delta=1m15s781ms).

2023-09-18 11:29:11,646 - [WARN] - from com.zaxxer.hikari.pool.HikariPool in HikariPool-1 housekeeper 
HikariPool-1 - Thread starvation or clock leap detected (housekeeper delta=1m19s68ms).

2023-09-18 11:29:24,603 - [INFO] - from org.springframework.orm.jpa.LocalContainerEntityManagerFactoryBean in SpringApplicationShutdownHook 
Closing JPA EntityManagerFactory for persistence unit 'default'

2023-09-18 11:29:24,607 - [INFO] - from com.zaxxer.hikari.HikariDataSource in SpringApplicationShutdownHook 
HikariPool-1 - Shutdown initiated...

2023-09-18 11:29:24,615 - [INFO] - from com.zaxxer.hikari.HikariDataSource in SpringApplicationShutdownHook 
HikariPool-1 - Shutdown completed.

