2023-08-30 11:02:08,561 - [INFO] - from org.hibernate.validator.internal.util.Version in background-preinit 
HV000001: Hibernate Validator 8.0.1.Final

2023-08-30 11:02:08,632 - [INFO] - from edu.carroll.ifa.IfaApplication in restartedMain 
Starting IfaApplication using Java 18.0.2.1 with PID 15952 (C:\Users\djmac\IdeaProjects\ifa\build\classes\java\main started by djmac in C:\Users\djmac\IdeaProjects\ifa)

2023-08-30 11:02:08,633 - [INFO] - from edu.carroll.ifa.IfaApplication in restartedMain 
No active profile set, falling back to 1 default profile: "default"

2023-08-30 11:02:08,726 - [INFO] - from org.springframework.boot.devtools.env.DevToolsPropertyDefaultsPostProcessor in restartedMain 
Devtools property defaults active! Set 'spring.devtools.add-properties' to 'false' to disable

2023-08-30 11:02:08,727 - [INFO] - from org.springframework.boot.devtools.env.DevToolsPropertyDefaultsPostProcessor in restartedMain 
For additional web related logging consider setting the 'logging.level.web' property to 'DEBUG'

2023-08-30 11:02:12,272 - [INFO] - from org.springframework.boot.web.embedded.tomcat.TomcatWebServer in restartedMain 
Tomcat initialized with port(s): 8080 (http)

2023-08-30 11:02:12,290 - [INFO] - from org.apache.coyote.http11.Http11NioProtocol in restartedMain 
Initializing ProtocolHandler ["http-nio-8080"]

2023-08-30 11:02:12,295 - [INFO] - from org.apache.catalina.core.StandardService in restartedMain 
Starting service [Tomcat]

2023-08-30 11:02:12,295 - [INFO] - from org.apache.catalina.core.StandardEngine in restartedMain 
Starting Servlet engine: [Apache Tomcat/10.1.12]

2023-08-30 11:02:12,436 - [INFO] - from org.apache.catalina.core.ContainerBase.[Tomcat].[localhost].[/] in restartedMain 
Initializing Spring embedded WebApplicationContext

2023-08-30 11:02:12,437 - [INFO] - from org.springframework.boot.web.servlet.context.ServletWebServerApplicationContext in restartedMain 
Root WebApplicationContext: initialization completed in 3708 ms

2023-08-30 11:02:12,961 - [INFO] - from org.springframework.boot.autoconfigure.web.servlet.WelcomePageHandlerMapping in restartedMain 
Adding welcome page template: index

2023-08-30 11:02:13,364 - [INFO] - from org.springframework.boot.devtools.autoconfigure.OptionalLiveReloadServer in restartedMain 
LiveReload server is running on port 35729

2023-08-30 11:02:13,390 - [INFO] - from org.apache.coyote.http11.Http11NioProtocol in restartedMain 
Starting ProtocolHandler ["http-nio-8080"]

2023-08-30 11:02:13,435 - [INFO] - from org.springframework.boot.web.embedded.tomcat.TomcatWebServer in restartedMain 
Tomcat started on port(s): 8080 (http) with context path ''

2023-08-30 11:02:13,457 - [INFO] - from edu.carroll.ifa.IfaApplication in restartedMain 
Started IfaApplication in 5.814 seconds (process running for 7.182)

2023-08-30 11:02:18,514 - [INFO] - from org.apache.catalina.core.ContainerBase.[Tomcat].[localhost].[/] in http-nio-8080-exec-1 
Initializing Spring DispatcherServlet 'dispatcherServlet'

2023-08-30 11:02:18,514 - [INFO] - from org.springframework.web.servlet.DispatcherServlet in http-nio-8080-exec-1 
Initializing Servlet 'dispatcherServlet'

2023-08-30 11:02:18,517 - [INFO] - from org.springframework.web.servlet.DispatcherServlet in http-nio-8080-exec-1 
Completed initialization in 2 ms

2023-08-30 12:03:05,784 - [INFO] - from edu.carroll.ifa.IfaApplication in restartedMain 
Starting IfaApplication using Java 18.0.2.1 with PID 17016 (C:\Users\djmac\IdeaProjects\ifa\build\classes\java\main started by djmac in C:\Users\djmac\IdeaProjects\ifa)

2023-08-30 12:03:05,786 - [INFO] - from edu.carroll.ifa.IfaApplication in restartedMain 
No active profile set, falling back to 1 default profile: "default"

2023-08-30 12:03:05,800 - [INFO] - from org.hibernate.validator.internal.util.Version in background-preinit 
HV000001: Hibernate Validator 8.0.1.Final

2023-08-30 12:03:05,857 - [INFO] - from org.springframework.boot.devtools.env.DevToolsPropertyDefaultsPostProcessor in restartedMain 
Devtools property defaults active! Set 'spring.devtools.add-properties' to 'false' to disable

2023-08-30 12:03:05,857 - [INFO] - from org.springframework.boot.devtools.env.DevToolsPropertyDefaultsPostProcessor in restartedMain 
For additional web related logging consider setting the 'logging.level.web' property to 'DEBUG'

2023-08-30 12:03:07,271 - [INFO] - from org.springframework.boot.web.embedded.tomcat.TomcatWebServer in restartedMain 
Tomcat initialized with port(s): 8080 (http)

2023-08-30 12:03:07,289 - [INFO] - from org.apache.coyote.http11.Http11NioProtocol in restartedMain 
Initializing ProtocolHandler ["http-nio-8080"]

2023-08-30 12:03:07,295 - [INFO] - from org.apache.catalina.core.StandardService in restartedMain 
Starting service [Tomcat]

2023-08-30 12:03:07,296 - [INFO] - from org.apache.catalina.core.StandardEngine in restartedMain 
Starting Servlet engine: [Apache Tomcat/10.1.12]

2023-08-30 12:03:07,430 - [INFO] - from org.apache.catalina.core.ContainerBase.[Tomcat].[localhost].[/] in restartedMain 
Initializing Spring embedded WebApplicationContext

2023-08-30 12:03:07,431 - [INFO] - from org.springframework.boot.web.servlet.context.ServletWebServerApplicationContext in restartedMain 
Root WebApplicationContext: initialization completed in 1573 ms

2023-08-30 12:03:07,923 - [INFO] - from org.springframework.boot.autoconfigure.web.servlet.WelcomePageHandlerMapping in restartedMain 
Adding welcome page template: index

2023-08-30 12:03:08,238 - [INFO] - from org.springframework.boot.devtools.autoconfigure.OptionalLiveReloadServer in restartedMain 
LiveReload server is running on port 35729

2023-08-30 12:03:08,265 - [INFO] - from org.apache.coyote.http11.Http11NioProtocol in restartedMain 
Starting ProtocolHandler ["http-nio-8080"]

2023-08-30 12:03:08,306 - [INFO] - from org.springframework.boot.web.embedded.tomcat.TomcatWebServer in restartedMain 
Tomcat started on port(s): 8080 (http) with context path ''

2023-08-30 12:03:08,328 - [INFO] - from edu.carroll.ifa.IfaApplication in restartedMain 
Started IfaApplication in 3.139 seconds (process running for 4.343)

2023-08-30 12:03:09,138 - [INFO] - from org.apache.catalina.core.ContainerBase.[Tomcat].[localhost].[/] in http-nio-8080-exec-1 
Initializing Spring DispatcherServlet 'dispatcherServlet'

2023-08-30 12:03:09,138 - [INFO] - from org.springframework.web.servlet.DispatcherServlet in http-nio-8080-exec-1 
Initializing Servlet 'dispatcherServlet'

2023-08-30 12:03:09,139 - [INFO] - from org.springframework.web.servlet.DispatcherServlet in http-nio-8080-exec-1 
Completed initialization in 0 ms

2023-08-30 12:18:47,167 - [INFO] - from org.hibernate.validator.internal.util.Version in background-preinit 
HV000001: Hibernate Validator 8.0.1.Final

2023-08-30 12:18:47,215 - [INFO] - from edu.carroll.ifa.IfaApplication in restartedMain 
Starting IfaApplication using Java 18.0.2.1 with PID 20468 (C:\Users\djmac\IdeaProjects\ifa\build\classes\java\main started by djmac in C:\Users\djmac\IdeaProjects\ifa)

2023-08-30 12:18:47,216 - [INFO] - from edu.carroll.ifa.IfaApplication in restartedMain 
No active profile set, falling back to 1 default profile: "default"

2023-08-30 12:18:47,272 - [INFO] - from org.springframework.boot.devtools.env.DevToolsPropertyDefaultsPostProcessor in restartedMain 
Devtools property defaults active! Set 'spring.devtools.add-properties' to 'false' to disable

2023-08-30 12:18:47,272 - [INFO] - from org.springframework.boot.devtools.env.DevToolsPropertyDefaultsPostProcessor in restartedMain 
For additional web related logging consider setting the 'logging.level.web' property to 'DEBUG'

2023-08-30 12:18:48,299 - [INFO] - from org.springframework.boot.web.embedded.tomcat.TomcatWebServer in restartedMain 
Tomcat initialized with port(s): 8080 (http)

2023-08-30 12:18:48,309 - [INFO] - from org.apache.coyote.http11.Http11NioProtocol in restartedMain 
Initializing ProtocolHandler ["http-nio-8080"]

2023-08-30 12:18:48,311 - [INFO] - from org.apache.catalina.core.StandardService in restartedMain 
Starting service [Tomcat]

2023-08-30 12:18:48,311 - [INFO] - from org.apache.catalina.core.StandardEngine in restartedMain 
Starting Servlet engine: [Apache Tomcat/10.1.12]

2023-08-30 12:18:48,384 - [INFO] - from org.apache.catalina.core.ContainerBase.[Tomcat].[localhost].[/] in restartedMain 
Initializing Spring embedded WebApplicationContext

2023-08-30 12:18:48,384 - [INFO] - from org.springframework.boot.web.servlet.context.ServletWebServerApplicationContext in restartedMain 
Root WebApplicationContext: initialization completed in 1112 ms

2023-08-30 12:18:48,628 - [INFO] - from org.springframework.boot.autoconfigure.web.servlet.WelcomePageHandlerMapping in restartedMain 
Adding welcome page template: index

2023-08-30 12:18:48,796 - [INFO] - from org.springframework.boot.devtools.autoconfigure.OptionalLiveReloadServer in restartedMain 
LiveReload server is running on port 35729

2023-08-30 12:18:48,811 - [INFO] - from org.apache.coyote.http11.Http11NioProtocol in restartedMain 
Starting ProtocolHandler ["http-nio-8080"]

2023-08-30 12:18:48,837 - [INFO] - from org.springframework.boot.web.embedded.tomcat.TomcatWebServer in restartedMain 
Tomcat started on port(s): 8080 (http) with context path ''

2023-08-30 12:18:48,847 - [INFO] - from edu.carroll.ifa.IfaApplication in restartedMain 
Started IfaApplication in 2.189 seconds (process running for 2.914)

2023-08-30 12:18:52,092 - [INFO] - from org.apache.catalina.core.ContainerBase.[Tomcat].[localhost].[/] in http-nio-8080-exec-1 
Initializing Spring DispatcherServlet 'dispatcherServlet'

2023-08-30 12:18:52,092 - [INFO] - from org.springframework.web.servlet.DispatcherServlet in http-nio-8080-exec-1 
Initializing Servlet 'dispatcherServlet'

2023-08-30 12:18:52,093 - [INFO] - from org.springframework.web.servlet.DispatcherServlet in http-nio-8080-exec-1 
Completed initialization in 1 ms

2023-09-01 11:01:23,921 - [INFO] - from org.hibernate.validator.internal.util.Version in background-preinit 
HV000001: Hibernate Validator 8.0.1.Final

2023-09-01 11:01:24,015 - [INFO] - from edu.carroll.ifa.IfaApplication in restartedMain 
Starting IfaApplication using Java 18.0.2.1 with PID 25284 (C:\Users\djmac\IdeaProjects\ifa\build\classes\java\main started by djmac in C:\Users\djmac\IdeaProjects\ifa)

2023-09-01 11:01:24,016 - [INFO] - from edu.carroll.ifa.IfaApplication in restartedMain 
No active profile set, falling back to 1 default profile: "default"

2023-09-01 11:01:24,115 - [INFO] - from org.springframework.boot.devtools.env.DevToolsPropertyDefaultsPostProcessor in restartedMain 
Devtools property defaults active! Set 'spring.devtools.add-properties' to 'false' to disable

2023-09-01 11:01:24,115 - [INFO] - from org.springframework.boot.devtools.env.DevToolsPropertyDefaultsPostProcessor in restartedMain 
For additional web related logging consider setting the 'logging.level.web' property to 'DEBUG'

2023-09-01 11:01:25,840 - [INFO] - from org.springframework.boot.web.embedded.tomcat.TomcatWebServer in restartedMain 
Tomcat initialized with port(s): 8080 (http)

2023-09-01 11:01:25,851 - [INFO] - from org.apache.coyote.http11.Http11NioProtocol in restartedMain 
Initializing ProtocolHandler ["http-nio-8080"]

2023-09-01 11:01:25,853 - [INFO] - from org.apache.catalina.core.StandardService in restartedMain 
Starting service [Tomcat]

2023-09-01 11:01:25,853 - [INFO] - from org.apache.catalina.core.StandardEngine in restartedMain 
Starting Servlet engine: [Apache Tomcat/10.1.12]

2023-09-01 11:01:25,932 - [INFO] - from org.apache.catalina.core.ContainerBase.[Tomcat].[localhost].[/] in restartedMain 
Initializing Spring embedded WebApplicationContext

2023-09-01 11:01:25,933 - [INFO] - from org.springframework.boot.web.servlet.context.ServletWebServerApplicationContext in restartedMain 
Root WebApplicationContext: initialization completed in 1816 ms

2023-09-01 11:01:26,233 - [INFO] - from org.springframework.boot.autoconfigure.web.servlet.WelcomePageHandlerMapping in restartedMain 
Adding welcome page template: index

2023-09-01 11:01:26,471 - [INFO] - from org.springframework.boot.devtools.autoconfigure.OptionalLiveReloadServer in restartedMain 
LiveReload server is running on port 35729

2023-09-01 11:01:26,487 - [INFO] - from org.apache.coyote.http11.Http11NioProtocol in restartedMain 
Starting ProtocolHandler ["http-nio-8080"]

2023-09-01 11:01:26,517 - [INFO] - from org.springframework.boot.web.embedded.tomcat.TomcatWebServer in restartedMain 
Tomcat started on port(s): 8080 (http) with context path ''

2023-09-01 11:01:26,529 - [INFO] - from edu.carroll.ifa.IfaApplication in restartedMain 
Started IfaApplication in 3.374 seconds (process running for 4.581)

2023-09-01 11:03:24,366 - [INFO] - from org.apache.catalina.core.ContainerBase.[Tomcat].[localhost].[/] in http-nio-8080-exec-1 
Initializing Spring DispatcherServlet 'dispatcherServlet'

2023-09-01 11:03:24,367 - [INFO] - from org.springframework.web.servlet.DispatcherServlet in http-nio-8080-exec-1 
Initializing Servlet 'dispatcherServlet'

2023-09-01 11:03:24,369 - [INFO] - from org.springframework.web.servlet.DispatcherServlet in http-nio-8080-exec-1 
Completed initialization in 1 ms

2023-09-01 11:12:15,776 - [INFO] - from org.hibernate.validator.internal.util.Version in background-preinit 
HV000001: Hibernate Validator 8.0.1.Final

2023-09-01 11:12:15,843 - [INFO] - from edu.carroll.ifa.IfaApplication in restartedMain 
Starting IfaApplication using Java 18.0.2.1 with PID 27032 (C:\Users\djmac\IdeaProjects\ifa\build\classes\java\main started by djmac in C:\Users\djmac\IdeaProjects\ifa)

2023-09-01 11:12:15,844 - [INFO] - from edu.carroll.ifa.IfaApplication in restartedMain 
No active profile set, falling back to 1 default profile: "default"

2023-09-01 11:12:15,920 - [INFO] - from org.springframework.boot.devtools.env.DevToolsPropertyDefaultsPostProcessor in restartedMain 
Devtools property defaults active! Set 'spring.devtools.add-properties' to 'false' to disable

2023-09-01 11:12:15,920 - [INFO] - from org.springframework.boot.devtools.env.DevToolsPropertyDefaultsPostProcessor in restartedMain 
For additional web related logging consider setting the 'logging.level.web' property to 'DEBUG'

2023-09-01 11:12:17,219 - [INFO] - from org.springframework.boot.web.embedded.tomcat.TomcatWebServer in restartedMain 
Tomcat initialized with port(s): 8080 (http)

2023-09-01 11:12:17,227 - [INFO] - from org.apache.coyote.http11.Http11NioProtocol in restartedMain 
Initializing ProtocolHandler ["http-nio-8080"]

2023-09-01 11:12:17,229 - [INFO] - from org.apache.catalina.core.StandardService in restartedMain 
Starting service [Tomcat]

2023-09-01 11:12:17,229 - [INFO] - from org.apache.catalina.core.StandardEngine in restartedMain 
Starting Servlet engine: [Apache Tomcat/10.1.12]

2023-09-01 11:12:17,339 - [INFO] - from org.apache.catalina.core.ContainerBase.[Tomcat].[localhost].[/] in restartedMain 
Initializing Spring embedded WebApplicationContext

2023-09-01 11:12:17,339 - [INFO] - from org.springframework.boot.web.servlet.context.ServletWebServerApplicationContext in restartedMain 
Root WebApplicationContext: initialization completed in 1418 ms

2023-09-01 11:12:17,624 - [INFO] - from org.springframework.boot.autoconfigure.web.servlet.WelcomePageHandlerMapping in restartedMain 
Adding welcome page template: index

2023-09-01 11:12:17,848 - [INFO] - from org.springframework.boot.devtools.autoconfigure.OptionalLiveReloadServer in restartedMain 
LiveReload server is running on port 35729

2023-09-01 11:12:17,881 - [INFO] - from org.apache.coyote.http11.Http11NioProtocol in restartedMain 
Starting ProtocolHandler ["http-nio-8080"]

2023-09-01 11:12:17,928 - [INFO] - from org.springframework.boot.web.embedded.tomcat.TomcatWebServer in restartedMain 
Tomcat started on port(s): 8080 (http) with context path ''

2023-09-01 11:12:17,944 - [INFO] - from edu.carroll.ifa.IfaApplication in restartedMain 
Started IfaApplication in 2.904 seconds (process running for 3.871)

2023-09-01 11:12:23,978 - [INFO] - from org.apache.catalina.core.ContainerBase.[Tomcat].[localhost].[/] in http-nio-8080-exec-1 
Initializing Spring DispatcherServlet 'dispatcherServlet'

2023-09-01 11:12:23,979 - [INFO] - from org.springframework.web.servlet.DispatcherServlet in http-nio-8080-exec-1 
Initializing Servlet 'dispatcherServlet'

2023-09-01 11:12:23,981 - [INFO] - from org.springframework.web.servlet.DispatcherServlet in http-nio-8080-exec-1 
Completed initialization in 2 ms

2023-09-01 11:12:27,042 - [ERROR] - from org.thymeleaf.TemplateEngine in http-nio-8080-exec-2 
[THYMELEAF][http-nio-8080-exec-2] Exception processing template "register": An error happened during template parsing (template: "class path resource [templates/register.html]")
org.thymeleaf.exceptions.TemplateInputException: An error happened during template parsing (template: "class path resource [templates/register.html]")
	at org.thymeleaf.templateparser.markup.AbstractMarkupTemplateParser.parse(AbstractMarkupTemplateParser.java:241)
	at org.thymeleaf.templateparser.markup.AbstractMarkupTemplateParser.parseStandalone(AbstractMarkupTemplateParser.java:100)
	at org.thymeleaf.engine.TemplateManager.parseAndProcess(TemplateManager.java:666)
	at org.thymeleaf.TemplateEngine.process(TemplateEngine.java:1103)
	at org.thymeleaf.TemplateEngine.process(TemplateEngine.java:1077)
	at org.thymeleaf.spring6.view.ThymeleafView.renderFragment(ThymeleafView.java:372)
	at org.thymeleaf.spring6.view.ThymeleafView.render(ThymeleafView.java:192)
	at org.springframework.web.servlet.DispatcherServlet.render(DispatcherServlet.java:1415)
	at org.springframework.web.servlet.DispatcherServlet.processDispatchResult(DispatcherServlet.java:1159)
	at org.springframework.web.servlet.DispatcherServlet.doDispatch(DispatcherServlet.java:1098)
	at org.springframework.web.servlet.DispatcherServlet.doService(DispatcherServlet.java:974)
	at org.springframework.web.servlet.FrameworkServlet.processRequest(FrameworkServlet.java:1011)
	at org.springframework.web.servlet.FrameworkServlet.doGet(FrameworkServlet.java:903)
	at jakarta.servlet.http.HttpServlet.service(HttpServlet.java:564)
	at org.springframework.web.servlet.FrameworkServlet.service(FrameworkServlet.java:885)
	at jakarta.servlet.http.HttpServlet.service(HttpServlet.java:658)
	at org.apache.catalina.core.ApplicationFilterChain.internalDoFilter(ApplicationFilterChain.java:205)
	at org.apache.catalina.core.ApplicationFilterChain.doFilter(ApplicationFilterChain.java:149)
	at org.apache.tomcat.websocket.server.WsFilter.doFilter(WsFilter.java:51)
	at org.apache.catalina.core.ApplicationFilterChain.internalDoFilter(ApplicationFilterChain.java:174)
	at org.apache.catalina.core.ApplicationFilterChain.doFilter(ApplicationFilterChain.java:149)
	at org.springframework.web.filter.RequestContextFilter.doFilterInternal(RequestContextFilter.java:100)
	at org.springframework.web.filter.OncePerRequestFilter.doFilter(OncePerRequestFilter.java:116)
	at org.apache.catalina.core.ApplicationFilterChain.internalDoFilter(ApplicationFilterChain.java:174)
	at org.apache.catalina.core.ApplicationFilterChain.doFilter(ApplicationFilterChain.java:149)
	at org.springframework.web.filter.FormContentFilter.doFilterInternal(FormContentFilter.java:93)
	at org.springframework.web.filter.OncePerRequestFilter.doFilter(OncePerRequestFilter.java:116)
	at org.apache.catalina.core.ApplicationFilterChain.internalDoFilter(ApplicationFilterChain.java:174)
	at org.apache.catalina.core.ApplicationFilterChain.doFilter(ApplicationFilterChain.java:149)
	at org.springframework.web.filter.CharacterEncodingFilter.doFilterInternal(CharacterEncodingFilter.java:201)
	at org.springframework.web.filter.OncePerRequestFilter.doFilter(OncePerRequestFilter.java:116)
	at org.apache.catalina.core.ApplicationFilterChain.internalDoFilter(ApplicationFilterChain.java:174)
	at org.apache.catalina.core.ApplicationFilterChain.doFilter(ApplicationFilterChain.java:149)
	at org.apache.catalina.core.StandardWrapperValve.invoke(StandardWrapperValve.java:166)
	at org.apache.catalina.core.StandardContextValve.invoke(StandardContextValve.java:90)
	at org.apache.catalina.authenticator.AuthenticatorBase.invoke(AuthenticatorBase.java:482)
	at org.apache.catalina.core.StandardHostValve.invoke(StandardHostValve.java:115)
	at org.apache.catalina.valves.ErrorReportValve.invoke(ErrorReportValve.java:93)
	at org.apache.catalina.core.StandardEngineValve.invoke(StandardEngineValve.java:74)
	at org.apache.catalina.connector.CoyoteAdapter.service(CoyoteAdapter.java:341)
	at org.apache.coyote.http11.Http11Processor.service(Http11Processor.java:391)
	at org.apache.coyote.AbstractProcessorLight.process(AbstractProcessorLight.java:63)
	at org.apache.coyote.AbstractProtocol$ConnectionHandler.process(AbstractProtocol.java:894)
	at org.apache.tomcat.util.net.NioEndpoint$SocketProcessor.doRun(NioEndpoint.java:1740)
	at org.apache.tomcat.util.net.SocketProcessorBase.run(SocketProcessorBase.java:52)
	at org.apache.tomcat.util.threads.ThreadPoolExecutor.runWorker(ThreadPoolExecutor.java:1191)
	at org.apache.tomcat.util.threads.ThreadPoolExecutor$Worker.run(ThreadPoolExecutor.java:659)
	at org.apache.tomcat.util.threads.TaskThread$WrappingRunnable.run(TaskThread.java:61)
	at java.base/java.lang.Thread.run(Thread.java:833)
Caused by: org.attoparser.ParseException: Exception evaluating SpringEL expression: "firstName" (template: "register" - line 15, col 29)
	at org.attoparser.MarkupParser.parseDocument(MarkupParser.java:393)
	at org.attoparser.MarkupParser.parse(MarkupParser.java:257)
	at org.thymeleaf.templateparser.markup.AbstractMarkupTemplateParser.parse(AbstractMarkupTemplateParser.java:230)
	... 48 common frames omitted
Caused by: org.thymeleaf.exceptions.TemplateProcessingException: Exception evaluating SpringEL expression: "firstName" (template: "register" - line 15, col 29)
	at org.thymeleaf.spring6.expression.SPELVariableExpressionEvaluator.evaluate(SPELVariableExpressionEvaluator.java:292)
	at org.thymeleaf.standard.expression.SelectionVariableExpression.executeSelectionVariableExpression(SelectionVariableExpression.java:158)
	at org.thymeleaf.standard.expression.SimpleExpression.executeSimple(SimpleExpression.java:92)
	at org.thymeleaf.standard.expression.Expression.execute(Expression.java:109)
	at org.thymeleaf.standard.expression.Expression.execute(Expression.java:138)
	at org.thymeleaf.standard.processor.StandardDefaultAttributesTagProcessor.processDefaultAttribute(StandardDefaultAttributesTagProcessor.java:165)
	at org.thymeleaf.standard.processor.StandardDefaultAttributesTagProcessor.process(StandardDefaultAttributesTagProcessor.java:98)
	at org.thymeleaf.util.ProcessorConfigurationUtils$ElementTagProcessorWrapper.process(ProcessorConfigurationUtils.java:633)
	at org.thymeleaf.engine.ProcessorTemplateHandler.handleStandaloneElement(ProcessorTemplateHandler.java:918)
	at org.thymeleaf.engine.TemplateHandlerAdapterMarkupHandler.handleStandaloneElementEnd(TemplateHandlerAdapterMarkupHandler.java:260)
	at org.thymeleaf.templateparser.markup.InlinedOutputExpressionMarkupHandler$InlineMarkupAdapterPreProcessorHandler.handleStandaloneElementEnd(InlinedOutputExpressionMarkupHandler.java:256)
	at org.thymeleaf.standard.inline.OutputExpressionInlinePreProcessorHandler.handleStandaloneElementEnd(OutputExpressionInlinePreProcessorHandler.java:169)
	at org.thymeleaf.templateparser.markup.InlinedOutputExpressionMarkupHandler.handleStandaloneElementEnd(InlinedOutputExpressionMarkupHandler.java:104)
	at org.attoparser.HtmlElement.handleStandaloneElementEnd(HtmlElement.java:79)
	at org.attoparser.HtmlMarkupHandler.handleStandaloneElementEnd(HtmlMarkupHandler.java:241)
	at org.attoparser.MarkupEventProcessorHandler.handleStandaloneElementEnd(MarkupEventProcessorHandler.java:327)
	at org.attoparser.ParsingElementMarkupUtil.parseStandaloneElement(ParsingElementMarkupUtil.java:96)
	at org.attoparser.MarkupParser.parseBuffer(MarkupParser.java:706)
	at org.attoparser.MarkupParser.parseDocument(MarkupParser.java:301)
	... 50 common frames omitted
Caused by: org.springframework.expression.spel.SpelEvaluationException: EL1008E: Property or field 'firstName' cannot be found on object of type 'edu.carroll.ifa.web.form.LoginForm' - maybe not public or not valid?
	at org.springframework.expression.spel.ast.PropertyOrFieldReference.readProperty(PropertyOrFieldReference.java:222)
	at org.springframework.expression.spel.ast.PropertyOrFieldReference.getValueInternal(PropertyOrFieldReference.java:105)
	at org.springframework.expression.spel.ast.PropertyOrFieldReference.getValueInternal(PropertyOrFieldReference.java:93)
	at org.springframework.expression.spel.ast.SpelNodeImpl.getValue(SpelNodeImpl.java:114)
	at org.springframework.expression.spel.standard.SpelExpression.getValue(SpelExpression.java:338)
	at org.thymeleaf.spring6.expression.SPELVariableExpressionEvaluator.evaluate(SPELVariableExpressionEvaluator.java:265)
	... 68 common frames omitted

2023-09-01 11:12:27,053 - [ERROR] - from org.apache.catalina.core.ContainerBase.[Tomcat].[localhost].[/].[dispatcherServlet] in http-nio-8080-exec-2 
Servlet.service() for servlet [dispatcherServlet] in context with path [] threw exception [Request processing failed: org.thymeleaf.exceptions.TemplateInputException: An error happened during template parsing (template: "class path resource [templates/register.html]")] with root cause
org.springframework.expression.spel.SpelEvaluationException: EL1008E: Property or field 'firstName' cannot be found on object of type 'edu.carroll.ifa.web.form.LoginForm' - maybe not public or not valid?
	at org.springframework.expression.spel.ast.PropertyOrFieldReference.readProperty(PropertyOrFieldReference.java:222)
	at org.springframework.expression.spel.ast.PropertyOrFieldReference.getValueInternal(PropertyOrFieldReference.java:105)
	at org.springframework.expression.spel.ast.PropertyOrFieldReference.getValueInternal(PropertyOrFieldReference.java:93)
	at org.springframework.expression.spel.ast.SpelNodeImpl.getValue(SpelNodeImpl.java:114)
	at org.springframework.expression.spel.standard.SpelExpression.getValue(SpelExpression.java:338)
	at org.thymeleaf.spring6.expression.SPELVariableExpressionEvaluator.evaluate(SPELVariableExpressionEvaluator.java:265)
	at org.thymeleaf.standard.expression.SelectionVariableExpression.executeSelectionVariableExpression(SelectionVariableExpression.java:158)
	at org.thymeleaf.standard.expression.SimpleExpression.executeSimple(SimpleExpression.java:92)
	at org.thymeleaf.standard.expression.Expression.execute(Expression.java:109)
	at org.thymeleaf.standard.expression.Expression.execute(Expression.java:138)
	at org.thymeleaf.standard.processor.StandardDefaultAttributesTagProcessor.processDefaultAttribute(StandardDefaultAttributesTagProcessor.java:165)
	at org.thymeleaf.standard.processor.StandardDefaultAttributesTagProcessor.process(StandardDefaultAttributesTagProcessor.java:98)
	at org.thymeleaf.util.ProcessorConfigurationUtils$ElementTagProcessorWrapper.process(ProcessorConfigurationUtils.java:633)
	at org.thymeleaf.engine.ProcessorTemplateHandler.handleStandaloneElement(ProcessorTemplateHandler.java:918)
	at org.thymeleaf.engine.TemplateHandlerAdapterMarkupHandler.handleStandaloneElementEnd(TemplateHandlerAdapterMarkupHandler.java:260)
	at org.thymeleaf.templateparser.markup.InlinedOutputExpressionMarkupHandler$InlineMarkupAdapterPreProcessorHandler.handleStandaloneElementEnd(InlinedOutputExpressionMarkupHandler.java:256)
	at org.thymeleaf.standard.inline.OutputExpressionInlinePreProcessorHandler.handleStandaloneElementEnd(OutputExpressionInlinePreProcessorHandler.java:169)
	at org.thymeleaf.templateparser.markup.InlinedOutputExpressionMarkupHandler.handleStandaloneElementEnd(InlinedOutputExpressionMarkupHandler.java:104)
	at org.attoparser.HtmlElement.handleStandaloneElementEnd(HtmlElement.java:79)
	at org.attoparser.HtmlMarkupHandler.handleStandaloneElementEnd(HtmlMarkupHandler.java:241)
	at org.attoparser.MarkupEventProcessorHandler.handleStandaloneElementEnd(MarkupEventProcessorHandler.java:327)
	at org.attoparser.ParsingElementMarkupUtil.parseStandaloneElement(ParsingElementMarkupUtil.java:96)
	at org.attoparser.MarkupParser.parseBuffer(MarkupParser.java:706)
	at org.attoparser.MarkupParser.parseDocument(MarkupParser.java:301)
	at org.attoparser.MarkupParser.parse(MarkupParser.java:257)
	at org.thymeleaf.templateparser.markup.AbstractMarkupTemplateParser.parse(AbstractMarkupTemplateParser.java:230)
	at org.thymeleaf.templateparser.markup.AbstractMarkupTemplateParser.parseStandalone(AbstractMarkupTemplateParser.java:100)
	at org.thymeleaf.engine.TemplateManager.parseAndProcess(TemplateManager.java:666)
	at org.thymeleaf.TemplateEngine.process(TemplateEngine.java:1103)
	at org.thymeleaf.TemplateEngine.process(TemplateEngine.java:1077)
	at org.thymeleaf.spring6.view.ThymeleafView.renderFragment(ThymeleafView.java:372)
	at org.thymeleaf.spring6.view.ThymeleafView.render(ThymeleafView.java:192)
	at org.springframework.web.servlet.DispatcherServlet.render(DispatcherServlet.java:1415)
	at org.springframework.web.servlet.DispatcherServlet.processDispatchResult(DispatcherServlet.java:1159)
	at org.springframework.web.servlet.DispatcherServlet.doDispatch(DispatcherServlet.java:1098)
	at org.springframework.web.servlet.DispatcherServlet.doService(DispatcherServlet.java:974)
	at org.springframework.web.servlet.FrameworkServlet.processRequest(FrameworkServlet.java:1011)
	at org.springframework.web.servlet.FrameworkServlet.doGet(FrameworkServlet.java:903)
	at jakarta.servlet.http.HttpServlet.service(HttpServlet.java:564)
	at org.springframework.web.servlet.FrameworkServlet.service(FrameworkServlet.java:885)
	at jakarta.servlet.http.HttpServlet.service(HttpServlet.java:658)
	at org.apache.catalina.core.ApplicationFilterChain.internalDoFilter(ApplicationFilterChain.java:205)
	at org.apache.catalina.core.ApplicationFilterChain.doFilter(ApplicationFilterChain.java:149)
	at org.apache.tomcat.websocket.server.WsFilter.doFilter(WsFilter.java:51)
	at org.apache.catalina.core.ApplicationFilterChain.internalDoFilter(ApplicationFilterChain.java:174)
	at org.apache.catalina.core.ApplicationFilterChain.doFilter(ApplicationFilterChain.java:149)
	at org.springframework.web.filter.RequestContextFilter.doFilterInternal(RequestContextFilter.java:100)
	at org.springframework.web.filter.OncePerRequestFilter.doFilter(OncePerRequestFilter.java:116)
	at org.apache.catalina.core.ApplicationFilterChain.internalDoFilter(ApplicationFilterChain.java:174)
	at org.apache.catalina.core.ApplicationFilterChain.doFilter(ApplicationFilterChain.java:149)
	at org.springframework.web.filter.FormContentFilter.doFilterInternal(FormContentFilter.java:93)
	at org.springframework.web.filter.OncePerRequestFilter.doFilter(OncePerRequestFilter.java:116)
	at org.apache.catalina.core.ApplicationFilterChain.internalDoFilter(ApplicationFilterChain.java:174)
	at org.apache.catalina.core.ApplicationFilterChain.doFilter(ApplicationFilterChain.java:149)
	at org.springframework.web.filter.CharacterEncodingFilter.doFilterInternal(CharacterEncodingFilter.java:201)
	at org.springframework.web.filter.OncePerRequestFilter.doFilter(OncePerRequestFilter.java:116)
	at org.apache.catalina.core.ApplicationFilterChain.internalDoFilter(ApplicationFilterChain.java:174)
	at org.apache.catalina.core.ApplicationFilterChain.doFilter(ApplicationFilterChain.java:149)
	at org.apache.catalina.core.StandardWrapperValve.invoke(StandardWrapperValve.java:166)
	at org.apache.catalina.core.StandardContextValve.invoke(StandardContextValve.java:90)
	at org.apache.catalina.authenticator.AuthenticatorBase.invoke(AuthenticatorBase.java:482)
	at org.apache.catalina.core.StandardHostValve.invoke(StandardHostValve.java:115)
	at org.apache.catalina.valves.ErrorReportValve.invoke(ErrorReportValve.java:93)
	at org.apache.catalina.core.StandardEngineValve.invoke(StandardEngineValve.java:74)
	at org.apache.catalina.connector.CoyoteAdapter.service(CoyoteAdapter.java:341)
	at org.apache.coyote.http11.Http11Processor.service(Http11Processor.java:391)
	at org.apache.coyote.AbstractProcessorLight.process(AbstractProcessorLight.java:63)
	at org.apache.coyote.AbstractProtocol$ConnectionHandler.process(AbstractProtocol.java:894)
	at org.apache.tomcat.util.net.NioEndpoint$SocketProcessor.doRun(NioEndpoint.java:1740)
	at org.apache.tomcat.util.net.SocketProcessorBase.run(SocketProcessorBase.java:52)
	at org.apache.tomcat.util.threads.ThreadPoolExecutor.runWorker(ThreadPoolExecutor.java:1191)
	at org.apache.tomcat.util.threads.ThreadPoolExecutor$Worker.run(ThreadPoolExecutor.java:659)
	at org.apache.tomcat.util.threads.TaskThread$WrappingRunnable.run(TaskThread.java:61)
	at java.base/java.lang.Thread.run(Thread.java:833)

2023-09-01 11:14:53,568 - [INFO] - from org.hibernate.validator.internal.util.Version in background-preinit 
HV000001: Hibernate Validator 8.0.1.Final

2023-09-01 11:14:53,619 - [INFO] - from edu.carroll.ifa.IfaApplication in restartedMain 
Starting IfaApplication using Java 18.0.2.1 with PID 10720 (C:\Users\djmac\IdeaProjects\ifa\build\classes\java\main started by djmac in C:\Users\djmac\IdeaProjects\ifa)

2023-09-01 11:14:53,620 - [INFO] - from edu.carroll.ifa.IfaApplication in restartedMain 
No active profile set, falling back to 1 default profile: "default"

2023-09-01 11:14:53,685 - [INFO] - from org.springframework.boot.devtools.env.DevToolsPropertyDefaultsPostProcessor in restartedMain 
Devtools property defaults active! Set 'spring.devtools.add-properties' to 'false' to disable

2023-09-01 11:14:53,685 - [INFO] - from org.springframework.boot.devtools.env.DevToolsPropertyDefaultsPostProcessor in restartedMain 
For additional web related logging consider setting the 'logging.level.web' property to 'DEBUG'

2023-09-01 11:14:55,094 - [INFO] - from org.springframework.boot.web.embedded.tomcat.TomcatWebServer in restartedMain 
Tomcat initialized with port(s): 8080 (http)

2023-09-01 11:14:55,110 - [INFO] - from org.apache.coyote.http11.Http11NioProtocol in restartedMain 
Initializing ProtocolHandler ["http-nio-8080"]

2023-09-01 11:14:55,114 - [INFO] - from org.apache.catalina.core.StandardService in restartedMain 
Starting service [Tomcat]

2023-09-01 11:14:55,114 - [INFO] - from org.apache.catalina.core.StandardEngine in restartedMain 
Starting Servlet engine: [Apache Tomcat/10.1.12]

2023-09-01 11:14:55,223 - [INFO] - from org.apache.catalina.core.ContainerBase.[Tomcat].[localhost].[/] in restartedMain 
Initializing Spring embedded WebApplicationContext

2023-09-01 11:14:55,224 - [INFO] - from org.springframework.boot.web.servlet.context.ServletWebServerApplicationContext in restartedMain 
Root WebApplicationContext: initialization completed in 1539 ms

2023-09-01 11:14:55,557 - [INFO] - from org.springframework.boot.autoconfigure.web.servlet.WelcomePageHandlerMapping in restartedMain 
Adding welcome page template: index

2023-09-01 11:14:55,847 - [INFO] - from org.springframework.boot.devtools.autoconfigure.OptionalLiveReloadServer in restartedMain 
LiveReload server is running on port 35729

2023-09-01 11:14:55,863 - [INFO] - from org.apache.coyote.http11.Http11NioProtocol in restartedMain 
Starting ProtocolHandler ["http-nio-8080"]

2023-09-01 11:14:55,886 - [INFO] - from org.springframework.boot.web.embedded.tomcat.TomcatWebServer in restartedMain 
Tomcat started on port(s): 8080 (http) with context path ''

2023-09-01 11:14:55,896 - [INFO] - from edu.carroll.ifa.IfaApplication in restartedMain 
Started IfaApplication in 2.901 seconds (process running for 3.762)

2023-09-01 11:14:57,991 - [INFO] - from org.apache.catalina.core.ContainerBase.[Tomcat].[localhost].[/] in http-nio-8080-exec-1 
Initializing Spring DispatcherServlet 'dispatcherServlet'

2023-09-01 11:14:57,991 - [INFO] - from org.springframework.web.servlet.DispatcherServlet in http-nio-8080-exec-1 
Initializing Servlet 'dispatcherServlet'

2023-09-01 11:14:57,992 - [INFO] - from org.springframework.web.servlet.DispatcherServlet in http-nio-8080-exec-1 
Completed initialization in 1 ms

2023-09-01 11:15:50,294 - [INFO] - from org.hibernate.validator.internal.util.Version in background-preinit 
HV000001: Hibernate Validator 8.0.1.Final

2023-09-01 11:15:50,341 - [INFO] - from edu.carroll.ifa.IfaApplication in restartedMain 
Starting IfaApplication using Java 18.0.2.1 with PID 22368 (C:\Users\djmac\IdeaProjects\ifa\build\classes\java\main started by djmac in C:\Users\djmac\IdeaProjects\ifa)

2023-09-01 11:15:50,342 - [INFO] - from edu.carroll.ifa.IfaApplication in restartedMain 
No active profile set, falling back to 1 default profile: "default"

2023-09-01 11:15:50,404 - [INFO] - from org.springframework.boot.devtools.env.DevToolsPropertyDefaultsPostProcessor in restartedMain 
Devtools property defaults active! Set 'spring.devtools.add-properties' to 'false' to disable

2023-09-01 11:15:50,404 - [INFO] - from org.springframework.boot.devtools.env.DevToolsPropertyDefaultsPostProcessor in restartedMain 
For additional web related logging consider setting the 'logging.level.web' property to 'DEBUG'

2023-09-01 11:15:51,764 - [INFO] - from org.springframework.boot.web.embedded.tomcat.TomcatWebServer in restartedMain 
Tomcat initialized with port(s): 8080 (http)

2023-09-01 11:15:51,782 - [INFO] - from org.apache.coyote.http11.Http11NioProtocol in restartedMain 
Initializing ProtocolHandler ["http-nio-8080"]

2023-09-01 11:15:51,786 - [INFO] - from org.apache.catalina.core.StandardService in restartedMain 
Starting service [Tomcat]

2023-09-01 11:15:51,786 - [INFO] - from org.apache.catalina.core.StandardEngine in restartedMain 
Starting Servlet engine: [Apache Tomcat/10.1.12]

2023-09-01 11:15:51,900 - [INFO] - from org.apache.catalina.core.ContainerBase.[Tomcat].[localhost].[/] in restartedMain 
Initializing Spring embedded WebApplicationContext

2023-09-01 11:15:51,901 - [INFO] - from org.springframework.boot.web.servlet.context.ServletWebServerApplicationContext in restartedMain 
Root WebApplicationContext: initialization completed in 1495 ms

2023-09-01 11:15:52,341 - [INFO] - from org.springframework.boot.autoconfigure.web.servlet.WelcomePageHandlerMapping in restartedMain 
Adding welcome page template: index

2023-09-01 11:15:52,533 - [INFO] - from org.springframework.boot.devtools.autoconfigure.OptionalLiveReloadServer in restartedMain 
LiveReload server is running on port 35729

2023-09-01 11:15:52,552 - [INFO] - from org.apache.coyote.http11.Http11NioProtocol in restartedMain 
Starting ProtocolHandler ["http-nio-8080"]

2023-09-01 11:15:52,585 - [INFO] - from org.springframework.boot.web.embedded.tomcat.TomcatWebServer in restartedMain 
Tomcat started on port(s): 8080 (http) with context path ''

2023-09-01 11:15:52,598 - [INFO] - from edu.carroll.ifa.IfaApplication in restartedMain 
Started IfaApplication in 2.979 seconds (process running for 3.79)

2023-09-01 11:15:53,571 - [INFO] - from org.apache.catalina.core.ContainerBase.[Tomcat].[localhost].[/] in http-nio-8080-exec-1 
Initializing Spring DispatcherServlet 'dispatcherServlet'

2023-09-01 11:15:53,571 - [INFO] - from org.springframework.web.servlet.DispatcherServlet in http-nio-8080-exec-1 
Initializing Servlet 'dispatcherServlet'

2023-09-01 11:15:53,572 - [INFO] - from org.springframework.web.servlet.DispatcherServlet in http-nio-8080-exec-1 
Completed initialization in 1 ms

2023-09-01 11:16:33,898 - [WARN] - from org.springframework.web.servlet.mvc.support.DefaultHandlerExceptionResolver in http-nio-8080-exec-2 
Resolved [org.springframework.web.HttpRequestMethodNotSupportedException: Request method 'POST' is not supported]

2023-09-01 11:16:44,020 - [WARN] - from org.springframework.web.servlet.mvc.support.DefaultHandlerExceptionResolver in http-nio-8080-exec-4 
Resolved [org.springframework.web.HttpRequestMethodNotSupportedException: Request method 'POST' is not supported]

2023-09-11 11:48:56,291 - [INFO] - from org.hibernate.validator.internal.util.Version in background-preinit 
HV000001: Hibernate Validator 8.0.1.Final

2023-09-11 11:48:56,325 - [INFO] - from edu.carroll.ifa.IfaApplication in restartedMain 
Starting IfaApplication using Java 18.0.2.1 with PID 31264 (/Users/ryan_ovalley/Documents/software_eng2/Projects/ifa/build/classes/java/main started by ryan_ovalley in /Users/ryan_ovalley/Documents/software_eng2/Projects/ifa)

2023-09-11 11:48:56,326 - [INFO] - from edu.carroll.ifa.IfaApplication in restartedMain 
No active profile set, falling back to 1 default profile: "default"

2023-09-11 11:48:56,366 - [INFO] - from org.springframework.boot.devtools.env.DevToolsPropertyDefaultsPostProcessor in restartedMain 
Devtools property defaults active! Set 'spring.devtools.add-properties' to 'false' to disable

2023-09-11 11:48:56,366 - [INFO] - from org.springframework.boot.devtools.env.DevToolsPropertyDefaultsPostProcessor in restartedMain 
For additional web related logging consider setting the 'logging.level.web' property to 'DEBUG'

2023-09-11 11:48:56,823 - [INFO] - from org.springframework.data.repository.config.RepositoryConfigurationDelegate in restartedMain 
Bootstrapping Spring Data JPA repositories in DEFAULT mode.

2023-09-11 11:48:56,871 - [INFO] - from org.springframework.data.repository.config.RepositoryConfigurationDelegate in restartedMain 
Finished Spring Data repository scanning in 40 ms. Found 1 JPA repository interfaces.

2023-09-11 11:48:57,321 - [INFO] - from org.springframework.boot.web.embedded.tomcat.TomcatWebServer in restartedMain 
Tomcat initialized with port(s): 8080 (http)

2023-09-11 11:48:57,328 - [INFO] - from org.apache.coyote.http11.Http11NioProtocol in restartedMain 
Initializing ProtocolHandler ["http-nio-8080"]

2023-09-11 11:48:57,329 - [INFO] - from org.apache.catalina.core.StandardService in restartedMain 
Starting service [Tomcat]

2023-09-11 11:48:57,330 - [INFO] - from org.apache.catalina.core.StandardEngine in restartedMain 
Starting Servlet engine: [Apache Tomcat/10.1.12]

2023-09-11 11:48:57,383 - [INFO] - from org.apache.catalina.core.ContainerBase.[Tomcat].[localhost].[/] in restartedMain 
Initializing Spring embedded WebApplicationContext

2023-09-11 11:48:57,384 - [INFO] - from org.springframework.boot.web.servlet.context.ServletWebServerApplicationContext in restartedMain 
Root WebApplicationContext: initialization completed in 1018 ms

2023-09-11 11:48:57,508 - [INFO] - from org.hibernate.jpa.internal.util.LogHelper in restartedMain 
HHH000204: Processing PersistenceUnitInfo [name: default]

2023-09-11 11:48:57,537 - [INFO] - from org.hibernate.Version in restartedMain 
HHH000412: Hibernate ORM core version 6.2.7.Final

2023-09-11 11:48:57,538 - [INFO] - from org.hibernate.cfg.Environment in restartedMain 
HHH000406: Using bytecode reflection optimizer

2023-09-11 11:48:57,634 - [INFO] - from org.hibernate.bytecode.internal.BytecodeProviderInitiator in restartedMain 
HHH000021: Bytecode provider name : bytebuddy

2023-09-11 11:48:57,726 - [INFO] - from org.springframework.orm.jpa.persistenceunit.SpringPersistenceUnitInfo in restartedMain 
No LoadTimeWeaver setup: ignoring JPA class transformer

2023-09-11 11:48:57,740 - [INFO] - from com.zaxxer.hikari.HikariDataSource in restartedMain 
HikariPool-1 - Starting...

2023-09-11 11:48:57,895 - [INFO] - from com.zaxxer.hikari.pool.HikariPool in restartedMain 
HikariPool-1 - Added connection com.mysql.cj.jdbc.ConnectionImpl@14ff113

2023-09-11 11:48:57,896 - [INFO] - from com.zaxxer.hikari.HikariDataSource in restartedMain 
HikariPool-1 - Start completed.

2023-09-11 11:48:57,937 - [WARN] - from org.hibernate.dialect.Dialect in restartedMain 
HHH000511: The 5.5.0 version for [org.hibernate.dialect.MySQLDialect] is no longer supported, hence certain features may not work properly. The minimum supported version is 5.7.0. Check the community dialects project for available legacy versions.

2023-09-11 11:48:58,069 - [INFO] - from org.hibernate.bytecode.internal.BytecodeProviderInitiator in restartedMain 
HHH000021: Bytecode provider name : bytebuddy

2023-09-11 11:48:58,518 - [INFO] - from org.hibernate.engine.transaction.jta.platform.internal.JtaPlatformInitiator in restartedMain 
HHH000490: Using JtaPlatform implementation: [org.hibernate.engine.transaction.jta.platform.internal.NoJtaPlatform]

2023-09-11 11:48:58,546 - [INFO] - from org.springframework.orm.jpa.LocalContainerEntityManagerFactoryBean in restartedMain 
Initialized JPA EntityManagerFactory for persistence unit 'default'

2023-09-11 11:48:58,827 - [WARN] - from org.springframework.boot.autoconfigure.orm.jpa.JpaBaseConfiguration$JpaWebConfiguration in restartedMain 
spring.jpa.open-in-view is enabled by default. Therefore, database queries may be performed during view rendering. Explicitly configure spring.jpa.open-in-view to disable this warning

2023-09-11 11:48:58,935 - [INFO] - from org.springframework.boot.autoconfigure.web.servlet.WelcomePageHandlerMapping in restartedMain 
Adding welcome page template: index

2023-09-11 11:48:59,059 - [INFO] - from org.springframework.boot.devtools.autoconfigure.OptionalLiveReloadServer in restartedMain 
LiveReload server is running on port 35729

2023-09-11 11:48:59,070 - [INFO] - from org.apache.coyote.http11.Http11NioProtocol in restartedMain 
Starting ProtocolHandler ["http-nio-8080"]

2023-09-11 11:48:59,088 - [INFO] - from org.springframework.boot.web.embedded.tomcat.TomcatWebServer in restartedMain 
Tomcat started on port(s): 8080 (http) with context path ''

2023-09-11 11:48:59,097 - [INFO] - from edu.carroll.ifa.IfaApplication in restartedMain 
Started IfaApplication in 3.157 seconds (process running for 3.481)

2023-09-11 11:49:30,705 - [INFO] - from org.springframework.orm.jpa.LocalContainerEntityManagerFactoryBean in SpringApplicationShutdownHook 
Closing JPA EntityManagerFactory for persistence unit 'default'

2023-09-11 11:49:30,708 - [INFO] - from com.zaxxer.hikari.HikariDataSource in SpringApplicationShutdownHook 
HikariPool-1 - Shutdown initiated...

2023-09-11 11:49:30,715 - [INFO] - from com.zaxxer.hikari.HikariDataSource in SpringApplicationShutdownHook 
HikariPool-1 - Shutdown completed.

2023-09-11 11:49:37,522 - [INFO] - from org.hibernate.validator.internal.util.Version in background-preinit 
HV000001: Hibernate Validator 8.0.1.Final

2023-09-11 11:49:37,558 - [INFO] - from edu.carroll.ifa.IfaApplication in restartedMain 
Starting IfaApplication using Java 18.0.2.1 with PID 31274 (/Users/ryan_ovalley/Documents/software_eng2/Projects/ifa/build/classes/java/main started by ryan_ovalley in /Users/ryan_ovalley/Documents/software_eng2/Projects/ifa)

2023-09-11 11:49:37,559 - [INFO] - from edu.carroll.ifa.IfaApplication in restartedMain 
No active profile set, falling back to 1 default profile: "default"

2023-09-11 11:49:37,597 - [INFO] - from org.springframework.boot.devtools.env.DevToolsPropertyDefaultsPostProcessor in restartedMain 
Devtools property defaults active! Set 'spring.devtools.add-properties' to 'false' to disable

2023-09-11 11:49:37,597 - [INFO] - from org.springframework.boot.devtools.env.DevToolsPropertyDefaultsPostProcessor in restartedMain 
For additional web related logging consider setting the 'logging.level.web' property to 'DEBUG'

2023-09-11 11:49:38,025 - [INFO] - from org.springframework.data.repository.config.RepositoryConfigurationDelegate in restartedMain 
Bootstrapping Spring Data JPA repositories in DEFAULT mode.

2023-09-11 11:49:38,077 - [INFO] - from org.springframework.data.repository.config.RepositoryConfigurationDelegate in restartedMain 
Finished Spring Data repository scanning in 44 ms. Found 1 JPA repository interfaces.

2023-09-11 11:49:38,532 - [INFO] - from org.springframework.boot.web.embedded.tomcat.TomcatWebServer in restartedMain 
Tomcat initialized with port(s): 8080 (http)

2023-09-11 11:49:38,538 - [INFO] - from org.apache.coyote.http11.Http11NioProtocol in restartedMain 
Initializing ProtocolHandler ["http-nio-8080"]

2023-09-11 11:49:38,541 - [INFO] - from org.apache.catalina.core.StandardService in restartedMain 
Starting service [Tomcat]

2023-09-11 11:49:38,542 - [INFO] - from org.apache.catalina.core.StandardEngine in restartedMain 
Starting Servlet engine: [Apache Tomcat/10.1.12]

2023-09-11 11:49:38,596 - [INFO] - from org.apache.catalina.core.ContainerBase.[Tomcat].[localhost].[/] in restartedMain 
Initializing Spring embedded WebApplicationContext

2023-09-11 11:49:38,597 - [INFO] - from org.springframework.boot.web.servlet.context.ServletWebServerApplicationContext in restartedMain 
Root WebApplicationContext: initialization completed in 999 ms

2023-09-11 11:49:38,718 - [INFO] - from org.hibernate.jpa.internal.util.LogHelper in restartedMain 
HHH000204: Processing PersistenceUnitInfo [name: default]

2023-09-11 11:49:38,752 - [INFO] - from org.hibernate.Version in restartedMain 
HHH000412: Hibernate ORM core version 6.2.7.Final

2023-09-11 11:49:38,754 - [INFO] - from org.hibernate.cfg.Environment in restartedMain 
HHH000406: Using bytecode reflection optimizer

2023-09-11 11:49:38,847 - [INFO] - from org.hibernate.bytecode.internal.BytecodeProviderInitiator in restartedMain 
HHH000021: Bytecode provider name : bytebuddy

2023-09-11 11:49:38,978 - [INFO] - from org.springframework.orm.jpa.persistenceunit.SpringPersistenceUnitInfo in restartedMain 
No LoadTimeWeaver setup: ignoring JPA class transformer

2023-09-11 11:49:38,996 - [INFO] - from com.zaxxer.hikari.HikariDataSource in restartedMain 
HikariPool-1 - Starting...

2023-09-11 11:49:39,200 - [INFO] - from com.zaxxer.hikari.pool.HikariPool in restartedMain 
HikariPool-1 - Added connection com.mysql.cj.jdbc.ConnectionImpl@6f117d36

2023-09-11 11:49:39,202 - [INFO] - from com.zaxxer.hikari.HikariDataSource in restartedMain 
HikariPool-1 - Start completed.

2023-09-11 11:49:39,247 - [WARN] - from org.hibernate.dialect.Dialect in restartedMain 
HHH000511: The 5.5.0 version for [org.hibernate.dialect.MySQLDialect] is no longer supported, hence certain features may not work properly. The minimum supported version is 5.7.0. Check the community dialects project for available legacy versions.

2023-09-11 11:49:39,400 - [INFO] - from org.hibernate.bytecode.internal.BytecodeProviderInitiator in restartedMain 
HHH000021: Bytecode provider name : bytebuddy

2023-09-11 11:49:39,894 - [INFO] - from org.hibernate.engine.transaction.jta.platform.internal.JtaPlatformInitiator in restartedMain 
HHH000490: Using JtaPlatform implementation: [org.hibernate.engine.transaction.jta.platform.internal.NoJtaPlatform]

2023-09-11 11:49:39,925 - [INFO] - from org.springframework.orm.jpa.LocalContainerEntityManagerFactoryBean in restartedMain 
Initialized JPA EntityManagerFactory for persistence unit 'default'

2023-09-11 11:49:40,261 - [WARN] - from org.springframework.boot.autoconfigure.orm.jpa.JpaBaseConfiguration$JpaWebConfiguration in restartedMain 
spring.jpa.open-in-view is enabled by default. Therefore, database queries may be performed during view rendering. Explicitly configure spring.jpa.open-in-view to disable this warning

2023-09-11 11:49:40,369 - [INFO] - from org.springframework.boot.autoconfigure.web.servlet.WelcomePageHandlerMapping in restartedMain 
Adding welcome page template: index

2023-09-11 11:49:40,519 - [INFO] - from org.springframework.boot.devtools.autoconfigure.OptionalLiveReloadServer in restartedMain 
LiveReload server is running on port 35729

2023-09-11 11:49:40,531 - [INFO] - from org.apache.coyote.http11.Http11NioProtocol in restartedMain 
Starting ProtocolHandler ["http-nio-8080"]

2023-09-11 11:49:40,549 - [INFO] - from org.springframework.boot.web.embedded.tomcat.TomcatWebServer in restartedMain 
Tomcat started on port(s): 8080 (http) with context path ''

2023-09-11 11:49:40,558 - [INFO] - from edu.carroll.ifa.IfaApplication in restartedMain 
Started IfaApplication in 3.375 seconds (process running for 3.726)

2023-09-11 11:53:14,693 - [INFO] - from org.springframework.orm.jpa.LocalContainerEntityManagerFactoryBean in SpringApplicationShutdownHook 
Closing JPA EntityManagerFactory for persistence unit 'default'

2023-09-11 11:53:14,697 - [INFO] - from com.zaxxer.hikari.HikariDataSource in SpringApplicationShutdownHook 
HikariPool-1 - Shutdown initiated...

2023-09-11 11:53:14,706 - [INFO] - from com.zaxxer.hikari.HikariDataSource in SpringApplicationShutdownHook 
HikariPool-1 - Shutdown completed.

